2021-05-13 16:31:28.482  INFO 35860 --- [restartedMain] com.rfq.App                              : Starting App on LAPTOP-M6MKBGH9 with PID 35860 (C:\Users\hays\Desktop\project\my-parent-SqlServer\my-web\target\classes started by hays in C:\Users\hays\Desktop\project\my-parent-SqlServer)
2021-05-13 16:31:28.498  INFO 35860 --- [restartedMain] com.rfq.App                              : The following profiles are active: @profileActive@
2021-05-13 16:31:29.227  INFO 35860 --- [restartedMain] ConfigServletWebServerApplicationContext : Refreshing org.springframework.boot.web.servlet.context.AnnotationConfigServletWebServerApplicationContext@1cf4bde1: startup date [Thu May 13 16:31:29 CST 2021]; root of context hierarchy
2021-05-13 16:31:33.416  INFO 35860 --- [restartedMain] trationDelegate$BeanPostProcessorChecker : Bean 'org.springframework.transaction.annotation.ProxyTransactionManagementConfiguration' of type [org.springframework.transaction.annotation.ProxyTransactionManagementConfiguration$$EnhancerBySpringCGLIB$$7fc6e038] is not eligible for getting processed by all BeanPostProcessors (for example: not eligible for auto-proxying)
2021-05-13 16:31:33.649  INFO 35860 --- [restartedMain] trationDelegate$BeanPostProcessorChecker : Bean 'org.springframework.cache.annotation.ProxyCachingConfiguration' of type [org.springframework.cache.annotation.ProxyCachingConfiguration$$EnhancerBySpringCGLIB$$c8d91656] is not eligible for getting processed by all BeanPostProcessors (for example: not eligible for auto-proxying)
2021-05-13 16:31:33.698  INFO 35860 --- [restartedMain] trationDelegate$BeanPostProcessorChecker : Bean 'org.springframework.boot.autoconfigure.cache.CacheAutoConfiguration' of type [org.springframework.boot.autoconfigure.cache.CacheAutoConfiguration$$EnhancerBySpringCGLIB$$bd4cdafa] is not eligible for getting processed by all BeanPostProcessors (for example: not eligible for auto-proxying)
2021-05-13 16:31:33.740  INFO 35860 --- [restartedMain] trationDelegate$BeanPostProcessorChecker : Bean 'org.springframework.boot.context.properties.ConversionServiceDeducer$Factory' of type [org.springframework.boot.context.properties.ConversionServiceDeducer$Factory] is not eligible for getting processed by all BeanPostProcessors (for example: not eligible for auto-proxying)
2021-05-13 16:31:33.777  INFO 35860 --- [restartedMain] trationDelegate$BeanPostProcessorChecker : Bean 'spring.cache-org.springframework.boot.autoconfigure.cache.CacheProperties' of type [org.springframework.boot.autoconfigure.cache.CacheProperties] is not eligible for getting processed by all BeanPostProcessors (for example: not eligible for auto-proxying)
2021-05-13 16:31:33.798  INFO 35860 --- [restartedMain] trationDelegate$BeanPostProcessorChecker : Bean 'cacheManagerCustomizers' of type [org.springframework.boot.autoconfigure.cache.CacheManagerCustomizers] is not eligible for getting processed by all BeanPostProcessors (for example: not eligible for auto-proxying)
2021-05-13 16:31:33.808  INFO 35860 --- [restartedMain] trationDelegate$BeanPostProcessorChecker : Bean 'org.springframework.boot.autoconfigure.cache.SimpleCacheConfiguration' of type [org.springframework.boot.autoconfigure.cache.SimpleCacheConfiguration$$EnhancerBySpringCGLIB$$5ee84ddb] is not eligible for getting processed by all BeanPostProcessors (for example: not eligible for auto-proxying)
2021-05-13 16:31:33.835  INFO 35860 --- [restartedMain] trationDelegate$BeanPostProcessorChecker : Bean 'cacheManager' of type [org.springframework.cache.concurrent.ConcurrentMapCacheManager] is not eligible for getting processed by all BeanPostProcessors (for example: not eligible for auto-proxying)
2021-05-13 16:31:33.840  INFO 35860 --- [restartedMain] trationDelegate$BeanPostProcessorChecker : Bean 'cacheAutoConfigurationValidator' of type [org.springframework.boot.autoconfigure.cache.CacheAutoConfiguration$CacheManagerValidator] is not eligible for getting processed by all BeanPostProcessors (for example: not eligible for auto-proxying)
2021-05-13 16:31:33.922  INFO 35860 --- [restartedMain] trationDelegate$BeanPostProcessorChecker : Bean 'shiroConfiguration' of type [com.rfq.config.ShiroConfiguration$$EnhancerBySpringCGLIB$$67aeaa30] is not eligible for getting processed by all BeanPostProcessors (for example: not eligible for auto-proxying)
2021-05-13 16:31:34.450  INFO 35860 --- [restartedMain] trationDelegate$BeanPostProcessorChecker : Bean '(inner bean)#56d35c49' of type [org.springframework.beans.factory.config.PropertiesFactoryBean] is not eligible for getting processed by all BeanPostProcessors (for example: not eligible for auto-proxying)
2021-05-13 16:31:34.469  INFO 35860 --- [restartedMain] trationDelegate$BeanPostProcessorChecker : Bean '(inner bean)#56d35c49' of type [java.util.Properties] is not eligible for getting processed by all BeanPostProcessors (for example: not eligible for auto-proxying)
2021-05-13 16:31:34.579  INFO 35860 --- [restartedMain] trationDelegate$BeanPostProcessorChecker : Bean '(inner bean)#318efad5' of type [org.springframework.data.repository.core.support.PropertiesBasedNamedQueries] is not eligible for getting processed by all BeanPostProcessors (for example: not eligible for auto-proxying)
2021-05-13 16:31:34.607  INFO 35860 --- [restartedMain] trationDelegate$BeanPostProcessorChecker : Bean '(inner bean)#a8a70dc' of type [org.springframework.data.repository.core.support.RepositoryFragmentsFactoryBean] is not eligible for getting processed by all BeanPostProcessors (for example: not eligible for auto-proxying)
2021-05-13 16:31:34.615  INFO 35860 --- [restartedMain] trationDelegate$BeanPostProcessorChecker : Bean '(inner bean)#a8a70dc' of type [org.springframework.data.repository.core.support.RepositoryComposition$RepositoryFragments] is not eligible for getting processed by all BeanPostProcessors (for example: not eligible for auto-proxying)
2021-05-13 16:31:34.663  INFO 35860 --- [restartedMain] trationDelegate$BeanPostProcessorChecker : Bean '(inner bean)#2e0dbf58' of type [org.springframework.data.repository.query.ExtensionAwareEvaluationContextProvider] is not eligible for getting processed by all BeanPostProcessors (for example: not eligible for auto-proxying)
2021-05-13 16:31:34.767  INFO 35860 --- [restartedMain] trationDelegate$BeanPostProcessorChecker : Bean 'com.alibaba.druid.spring.boot.autoconfigure.DruidDataSourceAutoConfigure' of type [com.alibaba.druid.spring.boot.autoconfigure.DruidDataSourceAutoConfigure$$EnhancerBySpringCGLIB$$9972d5aa] is not eligible for getting processed by all BeanPostProcessors (for example: not eligible for auto-proxying)
2021-05-13 16:31:34.776  INFO 35860 --- [restartedMain] c.a.d.s.b.a.DruidDataSourceAutoConfigure : Init DruidDataSource
2021-05-13 16:31:34.960  INFO 35860 --- [restartedMain] trationDelegate$BeanPostProcessorChecker : Bean 'spring.datasource-org.springframework.boot.autoconfigure.jdbc.DataSourceProperties' of type [org.springframework.boot.autoconfigure.jdbc.DataSourceProperties] is not eligible for getting processed by all BeanPostProcessors (for example: not eligible for auto-proxying)
2021-05-13 16:31:35.313  INFO 35860 --- [restartedMain] com.alibaba.druid.pool.DruidDataSource   : {dataSource-1} inited
2021-05-13 16:31:35.314  INFO 35860 --- [restartedMain] trationDelegate$BeanPostProcessorChecker : Bean 'dataSource' of type [com.alibaba.druid.spring.boot.autoconfigure.DruidDataSourceWrapper] is not eligible for getting processed by all BeanPostProcessors (for example: not eligible for auto-proxying)
2021-05-13 16:31:35.446  INFO 35860 --- [restartedMain] trationDelegate$BeanPostProcessorChecker : Bean 'org.springframework.boot.autoconfigure.jdbc.DataSourceInitializerInvoker' of type [org.springframework.boot.autoconfigure.jdbc.DataSourceInitializerInvoker] is not eligible for getting processed by all BeanPostProcessors (for example: not eligible for auto-proxying)
2021-05-13 16:31:35.662  INFO 35860 --- [restartedMain] trationDelegate$BeanPostProcessorChecker : Bean 'spring.jpa-org.springframework.boot.autoconfigure.orm.jpa.JpaProperties' of type [org.springframework.boot.autoconfigure.orm.jpa.JpaProperties] is not eligible for getting processed by all BeanPostProcessors (for example: not eligible for auto-proxying)
2021-05-13 16:31:35.681  INFO 35860 --- [restartedMain] trationDelegate$BeanPostProcessorChecker : Bean 'org.springframework.boot.autoconfigure.transaction.TransactionAutoConfiguration' of type [org.springframework.boot.autoconfigure.transaction.TransactionAutoConfiguration$$EnhancerBySpringCGLIB$$143adb42] is not eligible for getting processed by all BeanPostProcessors (for example: not eligible for auto-proxying)
2021-05-13 16:31:35.707  INFO 35860 --- [restartedMain] trationDelegate$BeanPostProcessorChecker : Bean 'spring.transaction-org.springframework.boot.autoconfigure.transaction.TransactionProperties' of type [org.springframework.boot.autoconfigure.transaction.TransactionProperties] is not eligible for getting processed by all BeanPostProcessors (for example: not eligible for auto-proxying)
2021-05-13 16:31:35.729  INFO 35860 --- [restartedMain] trationDelegate$BeanPostProcessorChecker : Bean 'platformTransactionManagerCustomizers' of type [org.springframework.boot.autoconfigure.transaction.TransactionManagerCustomizers] is not eligible for getting processed by all BeanPostProcessors (for example: not eligible for auto-proxying)
2021-05-13 16:31:35.751  INFO 35860 --- [restartedMain] trationDelegate$BeanPostProcessorChecker : Bean 'org.springframework.boot.autoconfigure.jdbc.metadata.DataSourcePoolMetadataProvidersConfiguration$HikariPoolDataSourceMetadataProviderConfiguration' of type [org.springframework.boot.autoconfigure.jdbc.metadata.DataSourcePoolMetadataProvidersConfiguration$HikariPoolDataSourceMetadataProviderConfiguration$$EnhancerBySpringCGLIB$$e01e081c] is not eligible for getting processed by all BeanPostProcessors (for example: not eligible for auto-proxying)
2021-05-13 16:31:35.766  INFO 35860 --- [restartedMain] trationDelegate$BeanPostProcessorChecker : Bean 'hikariPoolDataSourceMetadataProvider' of type [org.springframework.boot.autoconfigure.jdbc.metadata.DataSourcePoolMetadataProvidersConfiguration$HikariPoolDataSourceMetadataProviderConfiguration$$Lambda$290/1827908196] is not eligible for getting processed by all BeanPostProcessors (for example: not eligible for auto-proxying)
2021-05-13 16:31:35.796  INFO 35860 --- [restartedMain] trationDelegate$BeanPostProcessorChecker : Bean 'org.springframework.boot.autoconfigure.orm.jpa.HibernateJpaConfiguration' of type [org.springframework.boot.autoconfigure.orm.jpa.HibernateJpaConfiguration$$EnhancerBySpringCGLIB$$9e9da2a7] is not eligible for getting processed by all BeanPostProcessors (for example: not eligible for auto-proxying)
2021-05-13 16:31:35.878  INFO 35860 --- [restartedMain] trationDelegate$BeanPostProcessorChecker : Bean 'jpaVendorAdapter' of type [org.springframework.orm.jpa.vendor.HibernateJpaVendorAdapter] is not eligible for getting processed by all BeanPostProcessors (for example: not eligible for auto-proxying)
2021-05-13 16:31:35.898  INFO 35860 --- [restartedMain] trationDelegate$BeanPostProcessorChecker : Bean 'entityManagerFactoryBuilder' of type [org.springframework.boot.orm.jpa.EntityManagerFactoryBuilder] is not eligible for getting processed by all BeanPostProcessors (for example: not eligible for auto-proxying)
2021-05-13 16:31:36.041  INFO 35860 --- [restartedMain] j.LocalContainerEntityManagerFactoryBean : Building JPA container EntityManagerFactory for persistence unit 'default'
2021-05-13 16:31:36.073  INFO 35860 --- [restartedMain] o.hibernate.jpa.internal.util.LogHelper  : HHH000204: Processing PersistenceUnitInfo [
	name: default
	...]
2021-05-13 16:31:36.278  INFO 35860 --- [restartedMain] org.hibernate.Version                    : HHH000412: Hibernate Core {5.2.16.Final}
2021-05-13 16:31:36.282  INFO 35860 --- [restartedMain] org.hibernate.cfg.Environment            : HHH000206: hibernate.properties not found
2021-05-13 16:31:36.407  INFO 35860 --- [restartedMain] o.hibernate.annotations.common.Version   : HCANN000001: Hibernate Commons Annotations {5.0.1.Final}
2021-05-13 16:31:37.109  INFO 35860 --- [restartedMain] org.hibernate.dialect.Dialect            : HHH000400: Using dialect: org.hibernate.dialect.SQLServer2012Dialect
2021-05-13 16:31:37.779  WARN 35860 --- [restartedMain] org.hibernate.id.UUIDHexGenerator        : HHH000409: Using org.hibernate.id.UUIDHexGenerator which does not generate IETF RFC 4122 compliant UUID values; consider using org.hibernate.id.UUIDGenerator instead
2021-05-13 16:31:38.231  INFO 35860 --- [restartedMain] trationDelegate$BeanPostProcessorChecker : Bean '(inner bean)#67370324' of type [org.springframework.beans.factory.config.ObjectFactoryCreatingFactoryBean] is not eligible for getting processed by all BeanPostProcessors (for example: not eligible for auto-proxying)
2021-05-13 16:31:38.239  INFO 35860 --- [restartedMain] trationDelegate$BeanPostProcessorChecker : Bean '(inner bean)#67370324' of type [org.springframework.beans.factory.config.ObjectFactoryCreatingFactoryBean$TargetBeanObjectFactory] is not eligible for getting processed by all BeanPostProcessors (for example: not eligible for auto-proxying)
2021-05-13 16:31:39.264  INFO 35860 --- [restartedMain] j.LocalContainerEntityManagerFactoryBean : Initialized JPA EntityManagerFactory for persistence unit 'default'
2021-05-13 16:31:39.269  INFO 35860 --- [restartedMain] trationDelegate$BeanPostProcessorChecker : Bean 'entityManagerFactory' of type [org.springframework.orm.jpa.LocalContainerEntityManagerFactoryBean] is not eligible for getting processed by all BeanPostProcessors (for example: not eligible for auto-proxying)
2021-05-13 16:31:39.289  INFO 35860 --- [restartedMain] trationDelegate$BeanPostProcessorChecker : Bean 'entityManagerFactory' of type [com.sun.proxy.$Proxy106] is not eligible for getting processed by all BeanPostProcessors (for example: not eligible for auto-proxying)
2021-05-13 16:31:39.323  INFO 35860 --- [restartedMain] trationDelegate$BeanPostProcessorChecker : Bean '(inner bean)#7cc7fc10' of type [com.sun.proxy.$Proxy107] is not eligible for getting processed by all BeanPostProcessors (for example: not eligible for auto-proxying)
2021-05-13 16:31:39.541  INFO 35860 --- [restartedMain] trationDelegate$BeanPostProcessorChecker : Bean 'jpaMappingContext' of type [org.springframework.data.jpa.repository.config.JpaMetamodelMappingContextFactoryBean] is not eligible for getting processed by all BeanPostProcessors (for example: not eligible for auto-proxying)
2021-05-13 16:31:39.546  INFO 35860 --- [restartedMain] trationDelegate$BeanPostProcessorChecker : Bean 'jpaMappingContext' of type [org.springframework.data.jpa.mapping.JpaMetamodelMappingContext] is not eligible for getting processed by all BeanPostProcessors (for example: not eligible for auto-proxying)
2021-05-13 16:31:39.940  INFO 35860 --- [restartedMain] trationDelegate$BeanPostProcessorChecker : Bean 'sysRolerRepository' of type [org.springframework.data.jpa.repository.support.JpaRepositoryFactoryBean] is not eligible for getting processed by all BeanPostProcessors (for example: not eligible for auto-proxying)
2021-05-13 16:31:39.955  INFO 35860 --- [restartedMain] trationDelegate$BeanPostProcessorChecker : Bean 'sysRolerRepository' of type [com.sun.proxy.$Proxy111] is not eligible for getting processed by all BeanPostProcessors (for example: not eligible for auto-proxying)
2021-05-13 16:31:39.992  INFO 35860 --- [restartedMain] trationDelegate$BeanPostProcessorChecker : Bean 'userService' of type [com.rfq.service.sys.impl.SysRolerServiceImpl] is not eligible for getting processed by all BeanPostProcessors (for example: not eligible for auto-proxying)
2021-05-13 16:31:39.998  INFO 35860 --- [restartedMain] trationDelegate$BeanPostProcessorChecker : Bean '(inner bean)#67808496' of type [org.springframework.beans.factory.config.PropertiesFactoryBean] is not eligible for getting processed by all BeanPostProcessors (for example: not eligible for auto-proxying)
2021-05-13 16:31:39.999  INFO 35860 --- [restartedMain] trationDelegate$BeanPostProcessorChecker : Bean '(inner bean)#67808496' of type [java.util.Properties] is not eligible for getting processed by all BeanPostProcessors (for example: not eligible for auto-proxying)
2021-05-13 16:31:40.021  INFO 35860 --- [restartedMain] trationDelegate$BeanPostProcessorChecker : Bean '(inner bean)#617205b8' of type [org.springframework.data.repository.core.support.PropertiesBasedNamedQueries] is not eligible for getting processed by all BeanPostProcessors (for example: not eligible for auto-proxying)
2021-05-13 16:31:40.022  INFO 35860 --- [restartedMain] trationDelegate$BeanPostProcessorChecker : Bean '(inner bean)#99a9522' of type [org.springframework.data.repository.core.support.RepositoryFragmentsFactoryBean] is not eligible for getting processed by all BeanPostProcessors (for example: not eligible for auto-proxying)
2021-05-13 16:31:40.022  INFO 35860 --- [restartedMain] trationDelegate$BeanPostProcessorChecker : Bean '(inner bean)#99a9522' of type [org.springframework.data.repository.core.support.RepositoryComposition$RepositoryFragments] is not eligible for getting processed by all BeanPostProcessors (for example: not eligible for auto-proxying)
2021-05-13 16:31:40.025  INFO 35860 --- [restartedMain] trationDelegate$BeanPostProcessorChecker : Bean '(inner bean)#6610c8bc' of type [org.springframework.data.repository.query.ExtensionAwareEvaluationContextProvider] is not eligible for getting processed by all BeanPostProcessors (for example: not eligible for auto-proxying)
2021-05-13 16:31:40.027  INFO 35860 --- [restartedMain] trationDelegate$BeanPostProcessorChecker : Bean '(inner bean)#45094b40' of type [com.sun.proxy.$Proxy107] is not eligible for getting processed by all BeanPostProcessors (for example: not eligible for auto-proxying)
2021-05-13 16:31:40.039  INFO 35860 --- [restartedMain] trationDelegate$BeanPostProcessorChecker : Bean 'sysMenuRepository' of type [org.springframework.data.jpa.repository.support.JpaRepositoryFactoryBean] is not eligible for getting processed by all BeanPostProcessors (for example: not eligible for auto-proxying)
2021-05-13 16:31:40.040  INFO 35860 --- [restartedMain] trationDelegate$BeanPostProcessorChecker : Bean 'sysMenuRepository' of type [com.sun.proxy.$Proxy115] is not eligible for getting processed by all BeanPostProcessors (for example: not eligible for auto-proxying)
2021-05-13 16:31:40.065  INFO 35860 --- [restartedMain] trationDelegate$BeanPostProcessorChecker : Bean 'config' of type [com.rfq.config.Config] is not eligible for getting processed by all BeanPostProcessors (for example: not eligible for auto-proxying)
2021-05-13 16:31:40.067  INFO 35860 --- [restartedMain] trationDelegate$BeanPostProcessorChecker : Bean 'myShiroRealm' of type [com.rfq.config.shrio.MySystemRealm] is not eligible for getting processed by all BeanPostProcessors (for example: not eligible for auto-proxying)
2021-05-13 16:31:40.128  INFO 35860 --- [restartedMain] trationDelegate$BeanPostProcessorChecker : Bean 'securityManager' of type [org.apache.shiro.web.mgt.DefaultWebSecurityManager] is not eligible for getting processed by all BeanPostProcessors (for example: not eligible for auto-proxying)
2021-05-13 16:31:40.236  INFO 35860 --- [restartedMain] trationDelegate$BeanPostProcessorChecker : Bean 'authorizationAttributeSourceAdvisor' of type [org.apache.shiro.spring.security.interceptor.AuthorizationAttributeSourceAdvisor] is not eligible for getting processed by all BeanPostProcessors (for example: not eligible for auto-proxying)
2021-05-13 16:31:40.244  INFO 35860 --- [restartedMain] com.rfq.config.ShiroConfiguration        : ShiroConfiguration.shirFilter()
2021-05-13 16:31:41.036  INFO 35860 --- [restartedMain] o.s.b.w.embedded.tomcat.TomcatWebServer  : Tomcat initialized with port(s): 8085 (http)
2021-05-13 16:31:41.077  INFO 35860 --- [restartedMain] o.apache.catalina.core.StandardService   : Starting service [Tomcat]
2021-05-13 16:31:41.078  INFO 35860 --- [restartedMain] org.apache.catalina.core.StandardEngine  : Starting Servlet Engine: Apache Tomcat/8.5.29
2021-05-13 16:31:41.085  INFO 35860 --- [localhost-startStop-1] o.a.catalina.core.AprLifecycleListener   : The APR based Apache Tomcat Native library which allows optimal performance in production environments was not found on the java.library.path: [D:\tools\JDK8_64\bin;C:\WINDOWS\Sun\Java\bin;C:\WINDOWS\system32;C:\WINDOWS;C:\Program Files\Microsoft MPI\Bin\;C:\CTEX\UserData\miktex\bin;C:\CTEX\MiKTeX\miktex\bin;C:\CTEX\CTeX\ctex\bin;C:\CTEX\CTeX\cct\bin;C:\CTEX\CTeX\ty\bin;C:\CTEX\Ghostscript\gs9.05\bin;C:\CTEX\GSview\gsview;C:\CTEX\WinEdt;D:\tools\JDK8_64\bin;D:\tools\JDK8_64\jre\bin;D:\tools\mysql-5.7.23-winx64\bin;C:\Program Files\TortoiseGit\bin;C:\Program Files\nodejs\;C:\Program Files (x86)\Microsoft SQL Server\130\Tools\Binn\;D:\sql server\130\Tools\Binn\;C:\Program Files (x86)\Microsoft SQL Server\130\DTS\Binn\;D:\sql server\130\DTS\Binn\;D:\sql server\Client SDK\ODBC\130\Tools\Binn\;C:\WINDOWS\system32;C:\WINDOWS;C:\WINDOWS\System32\Wbem;C:\WINDOWS\System32\WindowsPowerShell\v1.0\;C:\WINDOWS\System32\OpenSSH\;C:\Program Files\Azure Data Studio\bin;C:\Program Files (x86)\Microsoft SQL Server\150\DTS\Binn\;C:\Users\hays\AppData\Local\Microsoft\WindowsApps;C:\Users\hays\AppData\Roaming\npm;D:\tools\Microsoft VS Code\bin;;C:\Program Files\Azure Data Studio\bin;.]
2021-05-13 16:31:41.293  INFO 35860 --- [localhost-startStop-1] o.a.c.c.C.[Tomcat].[localhost].[/]       : Initializing Spring embedded WebApplicationContext
2021-05-13 16:31:41.294  INFO 35860 --- [localhost-startStop-1] o.s.web.context.ContextLoader            : Root WebApplicationContext: initialization completed in 12067 ms
2021-05-13 16:31:42.009  INFO 35860 --- [localhost-startStop-1] o.s.b.w.servlet.FilterRegistrationBean   : Mapping filter: 'characterEncodingFilter' to: [/*]
2021-05-13 16:31:42.009  INFO 35860 --- [localhost-startStop-1] o.s.b.w.servlet.FilterRegistrationBean   : Mapping filter: 'hiddenHttpMethodFilter' to: [/*]
2021-05-13 16:31:42.010  INFO 35860 --- [localhost-startStop-1] o.s.b.w.servlet.FilterRegistrationBean   : Mapping filter: 'httpPutFormContentFilter' to: [/*]
2021-05-13 16:31:42.010  INFO 35860 --- [localhost-startStop-1] o.s.b.w.servlet.FilterRegistrationBean   : Mapping filter: 'requestContextFilter' to: [/*]
2021-05-13 16:31:42.011  INFO 35860 --- [localhost-startStop-1] .s.DelegatingFilterProxyRegistrationBean : Mapping filter: 'springSecurityFilterChain' to: [/*]
2021-05-13 16:31:42.012  INFO 35860 --- [localhost-startStop-1] o.s.b.w.servlet.FilterRegistrationBean   : Mapping filter: 'webStatFilter' to urls: [/*]
2021-05-13 16:31:42.012  INFO 35860 --- [localhost-startStop-1] o.s.b.w.servlet.FilterRegistrationBean   : Mapping filter: 'shirFilter' to: [/*]
2021-05-13 16:31:42.012  INFO 35860 --- [localhost-startStop-1] o.s.b.w.servlet.ServletRegistrationBean  : Servlet dispatcherServlet mapped to [/]
2021-05-13 16:31:42.014  INFO 35860 --- [localhost-startStop-1] o.s.b.w.servlet.ServletRegistrationBean  : Servlet statViewServlet mapped to [/druid/*]
2021-05-13 16:31:43.036  INFO 35860 --- [restartedMain] o.h.h.i.QueryTranslatorFactoryInitiator  : HHH000397: Using ASTQueryTranslatorFactory
2021-05-13 16:31:46.288  INFO 35860 --- [restartedMain] s.w.s.m.m.a.RequestMappingHandlerAdapter : Looking for @ControllerAdvice: org.springframework.boot.web.servlet.context.AnnotationConfigServletWebServerApplicationContext@1cf4bde1: startup date [Thu May 13 16:31:29 CST 2021]; root of context hierarchy
2021-05-13 16:31:46.460  WARN 35860 --- [restartedMain] aWebConfiguration$JpaWebMvcConfiguration : spring.jpa.open-in-view is enabled by default. Therefore, database queries may be performed during view rendering. Explicitly configure spring.jpa.open-in-view to disable this warning
2021-05-13 16:31:46.541  INFO 35860 --- [restartedMain] s.w.s.m.m.a.RequestMappingHandlerMapping : Mapped "{[/href/MSOA]}" onto public java.lang.String com.rfq.controller.href.HrefController.href()
2021-05-13 16:31:46.545  INFO 35860 --- [restartedMain] s.w.s.m.m.a.RequestMappingHandlerMapping : Mapped "{[/rfq]}" onto public java.lang.String com.rfq.controller.rfq.RfqController.add()
2021-05-13 16:31:46.545  INFO 35860 --- [restartedMain] s.w.s.m.m.a.RequestMappingHandlerMapping : Mapped "{[/rfq/list]}" onto public java.lang.String com.rfq.controller.rfq.RfqController.list()
2021-05-13 16:31:46.546  INFO 35860 --- [restartedMain] s.w.s.m.m.a.RequestMappingHandlerMapping : Mapped "{[/rfq/allApplys]}" onto public com.rfq.entity.sys.Result com.rfq.controller.rfq.RfqController.query()
2021-05-13 16:31:46.549  INFO 35860 --- [restartedMain] s.w.s.m.m.a.RequestMappingHandlerMapping : Mapped "{[/rfq/checkCustomer]}" onto public com.rfq.entity.sys.Result com.rfq.controller.rfq.RfqController.customerSearch(java.util.Map<java.lang.String, java.lang.Object>)
2021-05-13 16:31:46.549  INFO 35860 --- [restartedMain] s.w.s.m.m.a.RequestMappingHandlerMapping : Mapped "{[/rfq/record]}" onto public java.lang.String com.rfq.controller.rfq.RfqController.checkRecord()
2021-05-13 16:31:46.550  INFO 35860 --- [restartedMain] s.w.s.m.m.a.RequestMappingHandlerMapping : Mapped "{[/rfq/page]}" onto public java.util.Map<java.lang.String, java.lang.Object> com.rfq.controller.rfq.RfqController.queryOnePage(javax.servlet.http.HttpServletRequest,java.lang.Integer,java.lang.String,java.lang.String)
2021-05-13 16:31:46.550  INFO 35860 --- [restartedMain] s.w.s.m.m.a.RequestMappingHandlerMapping : Mapped "{[/rfq/record/page]}" onto public java.util.Map<java.lang.String, java.lang.Object> com.rfq.controller.rfq.RfqController.checkRecordPage(javax.servlet.http.HttpServletRequest,java.lang.Integer,java.lang.String,java.lang.String)
2021-05-13 16:31:46.552  INFO 35860 --- [restartedMain] s.w.s.m.m.a.RequestMappingHandlerMapping : Mapped "{[/logout],methods=[GET]}" onto public java.lang.String com.rfq.controller.RootController.logout(java.util.Map<java.lang.String, java.lang.Object>)
2021-05-13 16:31:46.552  INFO 35860 --- [restartedMain] s.w.s.m.m.a.RequestMappingHandlerMapping : Mapped "{[/ || /index]}" onto public java.lang.String com.rfq.controller.RootController.Home(java.util.Map<java.lang.String, java.lang.Object>)
2021-05-13 16:31:46.552  INFO 35860 --- [restartedMain] s.w.s.m.m.a.RequestMappingHandlerMapping : Mapped "{[/login],methods=[POST]}" onto public java.lang.String com.rfq.controller.RootController.login(javax.servlet.http.HttpServletRequest,java.util.Map<java.lang.String, java.lang.Object>) throws java.lang.Exception
2021-05-13 16:31:46.553  INFO 35860 --- [restartedMain] s.w.s.m.m.a.RequestMappingHandlerMapping : Mapped "{[/login],methods=[GET]}" onto public java.lang.String com.rfq.controller.RootController.login(java.util.Map<java.lang.String, java.lang.Object>)
2021-05-13 16:31:46.554  INFO 35860 --- [restartedMain] s.w.s.m.m.a.RequestMappingHandlerMapping : Mapped "{[/team/save]}" onto public com.rfq.entity.sys.Result com.rfq.controller.sys.TeamController.update(java.util.Map<java.lang.String, java.lang.Object>)
2021-05-13 16:31:46.555  INFO 35860 --- [restartedMain] s.w.s.m.m.a.RequestMappingHandlerMapping : Mapped "{[/team/test]}" onto public java.lang.String com.rfq.controller.sys.TeamController.test() throws java.lang.Exception
2021-05-13 16:31:46.555  INFO 35860 --- [restartedMain] s.w.s.m.m.a.RequestMappingHandlerMapping : Mapped "{[/team]}" onto public java.lang.String com.rfq.controller.sys.TeamController.Index(javax.servlet.http.HttpServletRequest)
2021-05-13 16:31:46.561  INFO 35860 --- [restartedMain] s.w.s.m.m.a.RequestMappingHandlerMapping : Mapped "{[/upload/banner]}" onto public java.util.List<java.util.Map<java.lang.String, java.lang.Object>> com.rfq.controller.UploadController.uploadBannerImages(javax.servlet.http.HttpServletRequest,org.springframework.web.multipart.MultipartFile[])
2021-05-13 16:31:46.562  INFO 35860 --- [restartedMain] s.w.s.m.m.a.RequestMappingHandlerMapping : Mapped "{[/upload/hotelpics]}" onto public java.util.List<java.util.Map<java.lang.String, java.lang.Object>> com.rfq.controller.UploadController.uploadHotelImages(javax.servlet.http.HttpServletRequest,org.springframework.web.multipart.MultipartFile[])
2021-05-13 16:31:46.562  INFO 35860 --- [restartedMain] s.w.s.m.m.a.RequestMappingHandlerMapping : Mapped "{[/upload/simditor]}" onto public java.util.Map<java.lang.String, java.lang.Object> com.rfq.controller.UploadController.uploadImageForSimditor(javax.servlet.http.HttpServletRequest,org.springframework.web.multipart.MultipartFile[])
2021-05-13 16:31:46.563  INFO 35860 --- [restartedMain] s.w.s.m.m.a.RequestMappingHandlerMapping : Mapped "{[/upload/roompics]}" onto public java.util.List<java.util.Map<java.lang.String, java.lang.Object>> com.rfq.controller.UploadController.uploadHotelRoomImages(javax.servlet.http.HttpServletRequest,org.springframework.web.multipart.MultipartFile[])
2021-05-13 16:31:46.563  INFO 35860 --- [restartedMain] s.w.s.m.m.a.RequestMappingHandlerMapping : Mapped "{[/upload/mainpic]}" onto public java.util.List<java.util.Map<java.lang.String, java.lang.Object>> com.rfq.controller.UploadController.uploadHotelMainImage(javax.servlet.http.HttpServletRequest,org.springframework.web.multipart.MultipartFile[])
2021-05-13 16:31:46.563  INFO 35860 --- [restartedMain] s.w.s.m.m.a.RequestMappingHandlerMapping : Mapped "{[/upload/roompic]}" onto public java.util.List<java.util.Map<java.lang.String, java.lang.Object>> com.rfq.controller.UploadController.uploadHotelRoomMainImage(javax.servlet.http.HttpServletRequest,org.springframework.web.multipart.MultipartFile[])
2021-05-13 16:31:46.566  INFO 35860 --- [restartedMain] s.w.s.m.m.a.RequestMappingHandlerMapping : Mapped "{[/error]}" onto public org.springframework.http.ResponseEntity<java.util.Map<java.lang.String, java.lang.Object>> org.springframework.boot.autoconfigure.web.servlet.error.BasicErrorController.error(javax.servlet.http.HttpServletRequest)
2021-05-13 16:31:46.567  INFO 35860 --- [restartedMain] s.w.s.m.m.a.RequestMappingHandlerMapping : Mapped "{[/error],produces=[text/html]}" onto public org.springframework.web.servlet.ModelAndView org.springframework.boot.autoconfigure.web.servlet.error.BasicErrorController.errorHtml(javax.servlet.http.HttpServletRequest,javax.servlet.http.HttpServletResponse)
2021-05-13 16:31:46.955  INFO 35860 --- [restartedMain] o.s.w.s.handler.SimpleUrlHandlerMapping  : Mapped URL path [/webjars/**] onto handler of type [class org.springframework.web.servlet.resource.ResourceHttpRequestHandler]
2021-05-13 16:31:46.956  INFO 35860 --- [restartedMain] o.s.w.s.handler.SimpleUrlHandlerMapping  : Mapped URL path [/**] onto handler of type [class org.springframework.web.servlet.resource.ResourceHttpRequestHandler]
2021-05-13 16:31:46.956  INFO 35860 --- [restartedMain] o.s.w.s.handler.SimpleUrlHandlerMapping  : Mapped URL path [/favicon.ico] onto handler of type [class org.springframework.web.servlet.resource.ResourceHttpRequestHandler]
2021-05-13 16:31:46.956  INFO 35860 --- [restartedMain] o.s.w.s.handler.SimpleUrlHandlerMapping  : Mapped URL path [/favicon_one.ico] onto handler of type [class org.springframework.web.servlet.resource.ResourceHttpRequestHandler]
2021-05-13 16:31:46.956  INFO 35860 --- [restartedMain] o.s.w.s.handler.SimpleUrlHandlerMapping  : Mapped URL path [/uploadFiles/**] onto handler of type [class org.springframework.web.servlet.resource.ResourceHttpRequestHandler]
2021-05-13 16:31:47.079  INFO 35860 --- [restartedMain] .m.m.a.ExceptionHandlerExceptionResolver : Detected @ExceptionHandler methods in globalExceptionHandler
2021-05-13 16:31:48.165  INFO 35860 --- [restartedMain] o.s.b.a.w.s.WelcomePageHandlerMapping    : Adding welcome page template: index
2021-05-13 16:31:49.236  INFO 35860 --- [restartedMain] .s.s.UserDetailsServiceAutoConfiguration : 

Using generated security password: 7c40d2ec-b723-45a7-be90-aea609c34889

2021-05-13 16:31:50.109  INFO 35860 --- [restartedMain] o.s.s.web.DefaultSecurityFilterChain     : Creating filter chain: org.springframework.security.web.util.matcher.AnyRequestMatcher@1, [org.springframework.security.web.context.request.async.WebAsyncManagerIntegrationFilter@6266babc, org.springframework.security.web.context.SecurityContextPersistenceFilter@2379c8da, org.springframework.security.web.header.HeaderWriterFilter@1767614d, org.springframework.security.web.authentication.logout.LogoutFilter@712aecc1, org.springframework.security.web.savedrequest.RequestCacheAwareFilter@270df949, org.springframework.security.web.servletapi.SecurityContextHolderAwareRequestFilter@1690ef49, org.springframework.security.web.authentication.AnonymousAuthenticationFilter@33467a89, org.springframework.security.web.session.SessionManagementFilter@546b99e, org.springframework.security.web.access.ExceptionTranslationFilter@69b34770, org.springframework.security.web.access.intercept.FilterSecurityInterceptor@31af1e98]
2021-05-13 16:31:50.957  INFO 35860 --- [restartedMain] o.s.b.d.a.OptionalLiveReloadServer       : LiveReload server is running on port 35729
2021-05-13 16:31:51.046  INFO 35860 --- [restartedMain] o.s.j.e.a.AnnotationMBeanExporter        : Registering beans for JMX exposure on startup
2021-05-13 16:31:51.049  INFO 35860 --- [restartedMain] o.s.j.e.a.AnnotationMBeanExporter        : Bean with name 'dataSource' has been autodetected for JMX exposure
2021-05-13 16:31:51.062  INFO 35860 --- [restartedMain] o.s.j.e.a.AnnotationMBeanExporter        : Located MBean 'dataSource': registering with JMX server as MBean [com.alibaba.druid.spring.boot.autoconfigure:name=dataSource,type=DruidDataSourceWrapper]
2021-05-13 16:31:51.139  INFO 35860 --- [restartedMain] o.s.b.w.embedded.tomcat.TomcatWebServer  : Tomcat started on port(s): 8085 (http) with context path ''
2021-05-13 16:31:51.145  INFO 35860 --- [restartedMain] com.rfq.App                              : Started App in 23.659 seconds (JVM running for 28.746)
2021-05-13 16:32:01.791  INFO 35860 --- [http-nio-8085-exec-1] o.a.c.c.C.[Tomcat].[localhost].[/]       : Initializing Spring FrameworkServlet 'dispatcherServlet'
2021-05-13 16:32:01.791  INFO 35860 --- [http-nio-8085-exec-1] o.s.web.servlet.DispatcherServlet        : FrameworkServlet 'dispatcherServlet': initialization started
2021-05-13 16:32:01.827  INFO 35860 --- [http-nio-8085-exec-1] o.s.web.servlet.DispatcherServlet        : FrameworkServlet 'dispatcherServlet': initialization completed in 35 ms
2021-05-13 16:33:17.613  INFO 35860 --- [http-nio-8085-exec-3] c.r.interceptor.WatchHandlerInterceptor  : 请求耗费时间太长了：/rfq/page 消耗  1 秒
2021-05-13 16:36:04.702  INFO 35860 --- [http-nio-8085-exec-9] c.r.interceptor.WatchHandlerInterceptor  : 请求耗费时间太长了：/rfq/page 消耗  25 秒
2021-05-13 16:36:52.370  INFO 35860 --- [http-nio-8085-exec-6] c.r.interceptor.WatchHandlerInterceptor  : 请求耗费时间太长了：/rfq/page 消耗  41 秒
2021-05-13 18:05:35.171  INFO 35860 --- [Thread-54] ConfigServletWebServerApplicationContext : Closing org.springframework.boot.web.servlet.context.AnnotationConfigServletWebServerApplicationContext@1cf4bde1: startup date [Thu May 13 16:31:29 CST 2021]; root of context hierarchy
2021-05-13 18:05:35.226  INFO 35860 --- [Thread-54] o.s.j.e.a.AnnotationMBeanExporter        : Unregistering JMX-exposed beans on shutdown
2021-05-13 18:05:35.228  INFO 35860 --- [Thread-54] o.s.j.e.a.AnnotationMBeanExporter        : Unregistering JMX-exposed beans
2021-05-13 18:05:35.243  INFO 35860 --- [Thread-54] j.LocalContainerEntityManagerFactoryBean : Closing JPA EntityManagerFactory for persistence unit 'default'
2021-05-13 18:05:35.254  INFO 35860 --- [Thread-54] com.alibaba.druid.pool.DruidDataSource   : {dataSource-1} closing ...
2021-05-13 18:05:35.258  INFO 35860 --- [Thread-54] com.alibaba.druid.pool.DruidDataSource   : {dataSource-1} closed
