2021-05-17 16:30:09.236  INFO 21652 --- [restartedMain] com.hotel.App                            : Starting App on LAPTOP-M6MKBGH9 with PID 21652 (started by hays in C:\Users\hays\Desktop\project\my-parent -Mysql)
2021-05-17 16:30:09.246  INFO 21652 --- [restartedMain] com.hotel.App                            : The following profiles are active: @profileActive@
2021-05-17 16:30:10.089  INFO 21652 --- [restartedMain] ConfigServletWebServerApplicationContext : Refreshing org.springframework.boot.web.servlet.context.AnnotationConfigServletWebServerApplicationContext@457b7635: startup date [Mon May 17 16:30:10 CST 2021]; root of context hierarchy
2021-05-17 16:30:15.781  INFO 21652 --- [restartedMain] trationDelegate$BeanPostProcessorChecker : Bean 'org.springframework.transaction.annotation.ProxyTransactionManagementConfiguration' of type [org.springframework.transaction.annotation.ProxyTransactionManagementConfiguration$$EnhancerBySpringCGLIB$$d3066bee] is not eligible for getting processed by all BeanPostProcessors (for example: not eligible for auto-proxying)
2021-05-17 16:30:16.035  INFO 21652 --- [restartedMain] trationDelegate$BeanPostProcessorChecker : Bean 'org.springframework.cache.annotation.ProxyCachingConfiguration' of type [org.springframework.cache.annotation.ProxyCachingConfiguration$$EnhancerBySpringCGLIB$$1c18a20c] is not eligible for getting processed by all BeanPostProcessors (for example: not eligible for auto-proxying)
2021-05-17 16:30:16.087  INFO 21652 --- [restartedMain] trationDelegate$BeanPostProcessorChecker : Bean 'org.springframework.boot.autoconfigure.cache.CacheAutoConfiguration' of type [org.springframework.boot.autoconfigure.cache.CacheAutoConfiguration$$EnhancerBySpringCGLIB$$108c66b0] is not eligible for getting processed by all BeanPostProcessors (for example: not eligible for auto-proxying)
2021-05-17 16:30:16.131  INFO 21652 --- [restartedMain] trationDelegate$BeanPostProcessorChecker : Bean 'org.springframework.boot.context.properties.ConversionServiceDeducer$Factory' of type [org.springframework.boot.context.properties.ConversionServiceDeducer$Factory] is not eligible for getting processed by all BeanPostProcessors (for example: not eligible for auto-proxying)
2021-05-17 16:30:16.170  INFO 21652 --- [restartedMain] trationDelegate$BeanPostProcessorChecker : Bean 'spring.cache-org.springframework.boot.autoconfigure.cache.CacheProperties' of type [org.springframework.boot.autoconfigure.cache.CacheProperties] is not eligible for getting processed by all BeanPostProcessors (for example: not eligible for auto-proxying)
2021-05-17 16:30:16.196  INFO 21652 --- [restartedMain] trationDelegate$BeanPostProcessorChecker : Bean 'cacheManagerCustomizers' of type [org.springframework.boot.autoconfigure.cache.CacheManagerCustomizers] is not eligible for getting processed by all BeanPostProcessors (for example: not eligible for auto-proxying)
2021-05-17 16:30:16.207  INFO 21652 --- [restartedMain] trationDelegate$BeanPostProcessorChecker : Bean 'org.springframework.boot.autoconfigure.cache.SimpleCacheConfiguration' of type [org.springframework.boot.autoconfigure.cache.SimpleCacheConfiguration$$EnhancerBySpringCGLIB$$b227d991] is not eligible for getting processed by all BeanPostProcessors (for example: not eligible for auto-proxying)
2021-05-17 16:30:16.240  INFO 21652 --- [restartedMain] trationDelegate$BeanPostProcessorChecker : Bean 'cacheManager' of type [org.springframework.cache.concurrent.ConcurrentMapCacheManager] is not eligible for getting processed by all BeanPostProcessors (for example: not eligible for auto-proxying)
2021-05-17 16:30:16.246  INFO 21652 --- [restartedMain] trationDelegate$BeanPostProcessorChecker : Bean 'cacheAutoConfigurationValidator' of type [org.springframework.boot.autoconfigure.cache.CacheAutoConfiguration$CacheManagerValidator] is not eligible for getting processed by all BeanPostProcessors (for example: not eligible for auto-proxying)
2021-05-17 16:30:16.327  INFO 21652 --- [restartedMain] trationDelegate$BeanPostProcessorChecker : Bean 'shiroConfiguration' of type [com.hotel.config.ShiroConfiguration$$EnhancerBySpringCGLIB$$903a933d] is not eligible for getting processed by all BeanPostProcessors (for example: not eligible for auto-proxying)
2021-05-17 16:30:17.563  INFO 21652 --- [restartedMain] trationDelegate$BeanPostProcessorChecker : Bean '(inner bean)#cc40769' of type [org.springframework.beans.factory.config.PropertiesFactoryBean] is not eligible for getting processed by all BeanPostProcessors (for example: not eligible for auto-proxying)
2021-05-17 16:30:17.817  INFO 21652 --- [restartedMain] trationDelegate$BeanPostProcessorChecker : Bean '(inner bean)#cc40769' of type [java.util.Properties] is not eligible for getting processed by all BeanPostProcessors (for example: not eligible for auto-proxying)
2021-05-17 16:30:18.295  INFO 21652 --- [restartedMain] trationDelegate$BeanPostProcessorChecker : Bean '(inner bean)#1b0fd6cb' of type [org.springframework.data.repository.core.support.PropertiesBasedNamedQueries] is not eligible for getting processed by all BeanPostProcessors (for example: not eligible for auto-proxying)
2021-05-17 16:30:18.450  INFO 21652 --- [restartedMain] trationDelegate$BeanPostProcessorChecker : Bean '(inner bean)#42d11cbd' of type [org.springframework.data.repository.core.support.RepositoryFragmentsFactoryBean] is not eligible for getting processed by all BeanPostProcessors (for example: not eligible for auto-proxying)
2021-05-17 16:30:18.511  INFO 21652 --- [restartedMain] trationDelegate$BeanPostProcessorChecker : Bean '(inner bean)#42d11cbd' of type [org.springframework.data.repository.core.support.RepositoryComposition$RepositoryFragments] is not eligible for getting processed by all BeanPostProcessors (for example: not eligible for auto-proxying)
2021-05-17 16:30:18.670  INFO 21652 --- [restartedMain] trationDelegate$BeanPostProcessorChecker : Bean '(inner bean)#36103e43' of type [org.springframework.data.repository.query.ExtensionAwareEvaluationContextProvider] is not eligible for getting processed by all BeanPostProcessors (for example: not eligible for auto-proxying)
2021-05-17 16:30:18.844  INFO 21652 --- [restartedMain] trationDelegate$BeanPostProcessorChecker : Bean 'com.alibaba.druid.spring.boot.autoconfigure.DruidDataSourceAutoConfigure' of type [com.alibaba.druid.spring.boot.autoconfigure.DruidDataSourceAutoConfigure$$EnhancerBySpringCGLIB$$ecb26160] is not eligible for getting processed by all BeanPostProcessors (for example: not eligible for auto-proxying)
2021-05-17 16:30:18.857  INFO 21652 --- [restartedMain] c.a.d.s.b.a.DruidDataSourceAutoConfigure : Init DruidDataSource
2021-05-17 16:30:19.256  INFO 21652 --- [restartedMain] trationDelegate$BeanPostProcessorChecker : Bean 'spring.datasource-org.springframework.boot.autoconfigure.jdbc.DataSourceProperties' of type [org.springframework.boot.autoconfigure.jdbc.DataSourceProperties] is not eligible for getting processed by all BeanPostProcessors (for example: not eligible for auto-proxying)
2021-05-17 16:30:19.622  INFO 21652 --- [restartedMain] com.alibaba.druid.pool.DruidDataSource   : {dataSource-1} inited
2021-05-17 16:30:19.626  INFO 21652 --- [restartedMain] trationDelegate$BeanPostProcessorChecker : Bean 'dataSource' of type [com.alibaba.druid.spring.boot.autoconfigure.DruidDataSourceWrapper] is not eligible for getting processed by all BeanPostProcessors (for example: not eligible for auto-proxying)
2021-05-17 16:30:19.940  INFO 21652 --- [restartedMain] trationDelegate$BeanPostProcessorChecker : Bean 'org.springframework.boot.autoconfigure.jdbc.DataSourceInitializerInvoker' of type [org.springframework.boot.autoconfigure.jdbc.DataSourceInitializerInvoker] is not eligible for getting processed by all BeanPostProcessors (for example: not eligible for auto-proxying)
2021-05-17 16:30:20.440  INFO 21652 --- [restartedMain] trationDelegate$BeanPostProcessorChecker : Bean 'spring.jpa-org.springframework.boot.autoconfigure.orm.jpa.JpaProperties' of type [org.springframework.boot.autoconfigure.orm.jpa.JpaProperties] is not eligible for getting processed by all BeanPostProcessors (for example: not eligible for auto-proxying)
2021-05-17 16:30:20.469  INFO 21652 --- [restartedMain] trationDelegate$BeanPostProcessorChecker : Bean 'org.springframework.boot.autoconfigure.transaction.TransactionAutoConfiguration' of type [org.springframework.boot.autoconfigure.transaction.TransactionAutoConfiguration$$EnhancerBySpringCGLIB$$677a66f8] is not eligible for getting processed by all BeanPostProcessors (for example: not eligible for auto-proxying)
2021-05-17 16:30:20.497  INFO 21652 --- [restartedMain] trationDelegate$BeanPostProcessorChecker : Bean 'spring.transaction-org.springframework.boot.autoconfigure.transaction.TransactionProperties' of type [org.springframework.boot.autoconfigure.transaction.TransactionProperties] is not eligible for getting processed by all BeanPostProcessors (for example: not eligible for auto-proxying)
2021-05-17 16:30:20.519  INFO 21652 --- [restartedMain] trationDelegate$BeanPostProcessorChecker : Bean 'platformTransactionManagerCustomizers' of type [org.springframework.boot.autoconfigure.transaction.TransactionManagerCustomizers] is not eligible for getting processed by all BeanPostProcessors (for example: not eligible for auto-proxying)
2021-05-17 16:30:20.543  INFO 21652 --- [restartedMain] trationDelegate$BeanPostProcessorChecker : Bean 'org.springframework.boot.autoconfigure.jdbc.metadata.DataSourcePoolMetadataProvidersConfiguration$HikariPoolDataSourceMetadataProviderConfiguration' of type [org.springframework.boot.autoconfigure.jdbc.metadata.DataSourcePoolMetadataProvidersConfiguration$HikariPoolDataSourceMetadataProviderConfiguration$$EnhancerBySpringCGLIB$$335d93d2] is not eligible for getting processed by all BeanPostProcessors (for example: not eligible for auto-proxying)
2021-05-17 16:30:20.560  INFO 21652 --- [restartedMain] trationDelegate$BeanPostProcessorChecker : Bean 'hikariPoolDataSourceMetadataProvider' of type [org.springframework.boot.autoconfigure.jdbc.metadata.DataSourcePoolMetadataProvidersConfiguration$HikariPoolDataSourceMetadataProviderConfiguration$$Lambda$290/5719673] is not eligible for getting processed by all BeanPostProcessors (for example: not eligible for auto-proxying)
2021-05-17 16:30:20.610  INFO 21652 --- [restartedMain] trationDelegate$BeanPostProcessorChecker : Bean 'org.springframework.boot.autoconfigure.orm.jpa.HibernateJpaConfiguration' of type [org.springframework.boot.autoconfigure.orm.jpa.HibernateJpaConfiguration$$EnhancerBySpringCGLIB$$f1dd2e5d] is not eligible for getting processed by all BeanPostProcessors (for example: not eligible for auto-proxying)
2021-05-17 16:30:20.718  INFO 21652 --- [restartedMain] trationDelegate$BeanPostProcessorChecker : Bean 'jpaVendorAdapter' of type [org.springframework.orm.jpa.vendor.HibernateJpaVendorAdapter] is not eligible for getting processed by all BeanPostProcessors (for example: not eligible for auto-proxying)
2021-05-17 16:30:20.737  INFO 21652 --- [restartedMain] trationDelegate$BeanPostProcessorChecker : Bean 'entityManagerFactoryBuilder' of type [org.springframework.boot.orm.jpa.EntityManagerFactoryBuilder] is not eligible for getting processed by all BeanPostProcessors (for example: not eligible for auto-proxying)
2021-05-17 16:30:20.915  INFO 21652 --- [restartedMain] j.LocalContainerEntityManagerFactoryBean : Building JPA container EntityManagerFactory for persistence unit 'default'
2021-05-17 16:30:20.965  INFO 21652 --- [restartedMain] o.hibernate.jpa.internal.util.LogHelper  : HHH000204: Processing PersistenceUnitInfo [
	name: default
	...]
2021-05-17 16:30:21.217  INFO 21652 --- [restartedMain] org.hibernate.Version                    : HHH000412: Hibernate Core {5.2.16.Final}
2021-05-17 16:30:21.223  INFO 21652 --- [restartedMain] org.hibernate.cfg.Environment            : HHH000206: hibernate.properties not found
2021-05-17 16:30:21.360  INFO 21652 --- [restartedMain] o.hibernate.annotations.common.Version   : HCANN000001: Hibernate Commons Annotations {5.0.1.Final}
2021-05-17 16:30:22.183  INFO 21652 --- [restartedMain] org.hibernate.dialect.Dialect            : HHH000400: Using dialect: org.hibernate.dialect.MySQL55Dialect
2021-05-17 16:30:22.698  WARN 21652 --- [restartedMain] org.hibernate.id.UUIDHexGenerator        : HHH000409: Using org.hibernate.id.UUIDHexGenerator which does not generate IETF RFC 4122 compliant UUID values; consider using org.hibernate.id.UUIDGenerator instead
2021-05-17 16:30:23.228  INFO 21652 --- [restartedMain] trationDelegate$BeanPostProcessorChecker : Bean '(inner bean)#4abd6c93' of type [org.springframework.beans.factory.config.ObjectFactoryCreatingFactoryBean] is not eligible for getting processed by all BeanPostProcessors (for example: not eligible for auto-proxying)
2021-05-17 16:30:23.238  INFO 21652 --- [restartedMain] trationDelegate$BeanPostProcessorChecker : Bean '(inner bean)#4abd6c93' of type [org.springframework.beans.factory.config.ObjectFactoryCreatingFactoryBean$TargetBeanObjectFactory] is not eligible for getting processed by all BeanPostProcessors (for example: not eligible for auto-proxying)
2021-05-17 16:30:24.054  INFO 21652 --- [restartedMain] j.LocalContainerEntityManagerFactoryBean : Initialized JPA EntityManagerFactory for persistence unit 'default'
2021-05-17 16:30:24.060  INFO 21652 --- [restartedMain] trationDelegate$BeanPostProcessorChecker : Bean 'entityManagerFactory' of type [org.springframework.orm.jpa.LocalContainerEntityManagerFactoryBean] is not eligible for getting processed by all BeanPostProcessors (for example: not eligible for auto-proxying)
2021-05-17 16:30:24.080  INFO 21652 --- [restartedMain] trationDelegate$BeanPostProcessorChecker : Bean 'entityManagerFactory' of type [com.sun.proxy.$Proxy110] is not eligible for getting processed by all BeanPostProcessors (for example: not eligible for auto-proxying)
2021-05-17 16:30:24.115  INFO 21652 --- [restartedMain] trationDelegate$BeanPostProcessorChecker : Bean '(inner bean)#7bd485cf' of type [com.sun.proxy.$Proxy111] is not eligible for getting processed by all BeanPostProcessors (for example: not eligible for auto-proxying)
2021-05-17 16:30:24.445  INFO 21652 --- [restartedMain] trationDelegate$BeanPostProcessorChecker : Bean 'jpaMappingContext' of type [org.springframework.data.jpa.repository.config.JpaMetamodelMappingContextFactoryBean] is not eligible for getting processed by all BeanPostProcessors (for example: not eligible for auto-proxying)
2021-05-17 16:30:24.452  INFO 21652 --- [restartedMain] trationDelegate$BeanPostProcessorChecker : Bean 'jpaMappingContext' of type [org.springframework.data.jpa.mapping.JpaMetamodelMappingContext] is not eligible for getting processed by all BeanPostProcessors (for example: not eligible for auto-proxying)
2021-05-17 16:30:24.951  INFO 21652 --- [restartedMain] o.h.h.i.QueryTranslatorFactoryInitiator  : HHH000397: Using ASTQueryTranslatorFactory
2021-05-17 16:30:25.145  INFO 21652 --- [restartedMain] trationDelegate$BeanPostProcessorChecker : Bean 'userRepository' of type [org.springframework.data.jpa.repository.support.JpaRepositoryFactoryBean] is not eligible for getting processed by all BeanPostProcessors (for example: not eligible for auto-proxying)
2021-05-17 16:30:25.161  INFO 21652 --- [restartedMain] trationDelegate$BeanPostProcessorChecker : Bean 'userRepository' of type [com.sun.proxy.$Proxy115] is not eligible for getting processed by all BeanPostProcessors (for example: not eligible for auto-proxying)
2021-05-17 16:30:25.224  INFO 21652 --- [restartedMain] trationDelegate$BeanPostProcessorChecker : Bean '(inner bean)#3128e871' of type [org.springframework.beans.factory.config.PropertiesFactoryBean] is not eligible for getting processed by all BeanPostProcessors (for example: not eligible for auto-proxying)
2021-05-17 16:30:25.225  INFO 21652 --- [restartedMain] trationDelegate$BeanPostProcessorChecker : Bean '(inner bean)#3128e871' of type [java.util.Properties] is not eligible for getting processed by all BeanPostProcessors (for example: not eligible for auto-proxying)
2021-05-17 16:30:25.227  INFO 21652 --- [restartedMain] trationDelegate$BeanPostProcessorChecker : Bean '(inner bean)#2ca89a12' of type [org.springframework.data.repository.core.support.PropertiesBasedNamedQueries] is not eligible for getting processed by all BeanPostProcessors (for example: not eligible for auto-proxying)
2021-05-17 16:30:25.228  INFO 21652 --- [restartedMain] trationDelegate$BeanPostProcessorChecker : Bean '(inner bean)#68e4332' of type [org.springframework.data.repository.core.support.RepositoryFragmentsFactoryBean] is not eligible for getting processed by all BeanPostProcessors (for example: not eligible for auto-proxying)
2021-05-17 16:30:25.228  INFO 21652 --- [restartedMain] trationDelegate$BeanPostProcessorChecker : Bean '(inner bean)#68e4332' of type [org.springframework.data.repository.core.support.RepositoryComposition$RepositoryFragments] is not eligible for getting processed by all BeanPostProcessors (for example: not eligible for auto-proxying)
2021-05-17 16:30:25.231  INFO 21652 --- [restartedMain] trationDelegate$BeanPostProcessorChecker : Bean '(inner bean)#6807dff' of type [org.springframework.data.repository.query.ExtensionAwareEvaluationContextProvider] is not eligible for getting processed by all BeanPostProcessors (for example: not eligible for auto-proxying)
2021-05-17 16:30:25.233  INFO 21652 --- [restartedMain] trationDelegate$BeanPostProcessorChecker : Bean '(inner bean)#5442baf' of type [com.sun.proxy.$Proxy111] is not eligible for getting processed by all BeanPostProcessors (for example: not eligible for auto-proxying)
2021-05-17 16:30:25.293  INFO 21652 --- [restartedMain] trationDelegate$BeanPostProcessorChecker : Bean 'organizationRepository' of type [org.springframework.data.jpa.repository.support.JpaRepositoryFactoryBean] is not eligible for getting processed by all BeanPostProcessors (for example: not eligible for auto-proxying)
2021-05-17 16:30:25.294  INFO 21652 --- [restartedMain] trationDelegate$BeanPostProcessorChecker : Bean 'organizationRepository' of type [com.sun.proxy.$Proxy118] is not eligible for getting processed by all BeanPostProcessors (for example: not eligible for auto-proxying)
2021-05-17 16:30:25.328  INFO 21652 --- [restartedMain] trationDelegate$BeanPostProcessorChecker : Bean 'spring.jdbc-org.springframework.boot.autoconfigure.jdbc.JdbcProperties' of type [org.springframework.boot.autoconfigure.jdbc.JdbcProperties] is not eligible for getting processed by all BeanPostProcessors (for example: not eligible for auto-proxying)
2021-05-17 16:30:25.336  INFO 21652 --- [restartedMain] trationDelegate$BeanPostProcessorChecker : Bean 'org.springframework.boot.autoconfigure.jdbc.JdbcTemplateAutoConfiguration$JdbcTemplateConfiguration' of type [org.springframework.boot.autoconfigure.jdbc.JdbcTemplateAutoConfiguration$JdbcTemplateConfiguration$$EnhancerBySpringCGLIB$$eb919a5b] is not eligible for getting processed by all BeanPostProcessors (for example: not eligible for auto-proxying)
2021-05-17 16:30:25.376  INFO 21652 --- [restartedMain] trationDelegate$BeanPostProcessorChecker : Bean 'jdbcTemplate' of type [org.springframework.jdbc.core.JdbcTemplate] is not eligible for getting processed by all BeanPostProcessors (for example: not eligible for auto-proxying)
2021-05-17 16:30:25.437  INFO 21652 --- [restartedMain] trationDelegate$BeanPostProcessorChecker : Bean 'userDao' of type [com.hotel.dao.sys.impl.UserDaoImpl] is not eligible for getting processed by all BeanPostProcessors (for example: not eligible for auto-proxying)
2021-05-17 16:30:25.539  INFO 21652 --- [restartedMain] trationDelegate$BeanPostProcessorChecker : Bean 'roleDao' of type [com.hotel.dao.sys.impl.RoleDaoImpl] is not eligible for getting processed by all BeanPostProcessors (for example: not eligible for auto-proxying)
2021-05-17 16:30:25.610  INFO 21652 --- [restartedMain] trationDelegate$BeanPostProcessorChecker : Bean '(inner bean)#69404363' of type [org.springframework.beans.factory.config.PropertiesFactoryBean] is not eligible for getting processed by all BeanPostProcessors (for example: not eligible for auto-proxying)
2021-05-17 16:30:25.610  INFO 21652 --- [restartedMain] trationDelegate$BeanPostProcessorChecker : Bean '(inner bean)#69404363' of type [java.util.Properties] is not eligible for getting processed by all BeanPostProcessors (for example: not eligible for auto-proxying)
2021-05-17 16:30:25.611  INFO 21652 --- [restartedMain] trationDelegate$BeanPostProcessorChecker : Bean '(inner bean)#e7396f0' of type [org.springframework.data.repository.core.support.PropertiesBasedNamedQueries] is not eligible for getting processed by all BeanPostProcessors (for example: not eligible for auto-proxying)
2021-05-17 16:30:25.612  INFO 21652 --- [restartedMain] trationDelegate$BeanPostProcessorChecker : Bean '(inner bean)#5a2eafb1' of type [org.springframework.data.repository.core.support.RepositoryFragmentsFactoryBean] is not eligible for getting processed by all BeanPostProcessors (for example: not eligible for auto-proxying)
2021-05-17 16:30:25.612  INFO 21652 --- [restartedMain] trationDelegate$BeanPostProcessorChecker : Bean '(inner bean)#5a2eafb1' of type [org.springframework.data.repository.core.support.RepositoryComposition$RepositoryFragments] is not eligible for getting processed by all BeanPostProcessors (for example: not eligible for auto-proxying)
2021-05-17 16:30:25.614  INFO 21652 --- [restartedMain] trationDelegate$BeanPostProcessorChecker : Bean '(inner bean)#7533d257' of type [org.springframework.data.repository.query.ExtensionAwareEvaluationContextProvider] is not eligible for getting processed by all BeanPostProcessors (for example: not eligible for auto-proxying)
2021-05-17 16:30:25.615  INFO 21652 --- [restartedMain] trationDelegate$BeanPostProcessorChecker : Bean '(inner bean)#275023b0' of type [com.sun.proxy.$Proxy111] is not eligible for getting processed by all BeanPostProcessors (for example: not eligible for auto-proxying)
2021-05-17 16:30:25.631  INFO 21652 --- [restartedMain] trationDelegate$BeanPostProcessorChecker : Bean 'userTokenRepository' of type [org.springframework.data.jpa.repository.support.JpaRepositoryFactoryBean] is not eligible for getting processed by all BeanPostProcessors (for example: not eligible for auto-proxying)
2021-05-17 16:30:25.631  INFO 21652 --- [restartedMain] trationDelegate$BeanPostProcessorChecker : Bean 'userTokenRepository' of type [com.sun.proxy.$Proxy119] is not eligible for getting processed by all BeanPostProcessors (for example: not eligible for auto-proxying)
2021-05-17 16:30:25.643  INFO 21652 --- [restartedMain] trationDelegate$BeanPostProcessorChecker : Bean 'userTokenService' of type [com.hotel.service.sys.impl.UserTokenServiceImpl] is not eligible for getting processed by all BeanPostProcessors (for example: not eligible for auto-proxying)
2021-05-17 16:30:25.675  INFO 21652 --- [restartedMain] trationDelegate$BeanPostProcessorChecker : Bean 'baseDao' of type [com.hotel.common.impl.BaseDaoImpl] is not eligible for getting processed by all BeanPostProcessors (for example: not eligible for auto-proxying)
2021-05-17 16:30:25.699  INFO 21652 --- [restartedMain] trationDelegate$BeanPostProcessorChecker : Bean '(inner bean)#7187094b' of type [org.springframework.beans.factory.config.PropertiesFactoryBean] is not eligible for getting processed by all BeanPostProcessors (for example: not eligible for auto-proxying)
2021-05-17 16:30:25.700  INFO 21652 --- [restartedMain] trationDelegate$BeanPostProcessorChecker : Bean '(inner bean)#7187094b' of type [java.util.Properties] is not eligible for getting processed by all BeanPostProcessors (for example: not eligible for auto-proxying)
2021-05-17 16:30:25.701  INFO 21652 --- [restartedMain] trationDelegate$BeanPostProcessorChecker : Bean '(inner bean)#38f1e8a7' of type [org.springframework.data.repository.core.support.PropertiesBasedNamedQueries] is not eligible for getting processed by all BeanPostProcessors (for example: not eligible for auto-proxying)
2021-05-17 16:30:25.702  INFO 21652 --- [restartedMain] trationDelegate$BeanPostProcessorChecker : Bean '(inner bean)#79b6a202' of type [org.springframework.data.repository.core.support.RepositoryFragmentsFactoryBean] is not eligible for getting processed by all BeanPostProcessors (for example: not eligible for auto-proxying)
2021-05-17 16:30:25.704  INFO 21652 --- [restartedMain] trationDelegate$BeanPostProcessorChecker : Bean '(inner bean)#79b6a202' of type [org.springframework.data.repository.core.support.RepositoryComposition$RepositoryFragments] is not eligible for getting processed by all BeanPostProcessors (for example: not eligible for auto-proxying)
2021-05-17 16:30:25.706  INFO 21652 --- [restartedMain] trationDelegate$BeanPostProcessorChecker : Bean '(inner bean)#ec8242' of type [org.springframework.data.repository.query.ExtensionAwareEvaluationContextProvider] is not eligible for getting processed by all BeanPostProcessors (for example: not eligible for auto-proxying)
2021-05-17 16:30:25.708  INFO 21652 --- [restartedMain] trationDelegate$BeanPostProcessorChecker : Bean '(inner bean)#5e33c003' of type [com.sun.proxy.$Proxy111] is not eligible for getting processed by all BeanPostProcessors (for example: not eligible for auto-proxying)
2021-05-17 16:30:25.730  INFO 21652 --- [restartedMain] trationDelegate$BeanPostProcessorChecker : Bean 'roleRepository' of type [org.springframework.data.jpa.repository.support.JpaRepositoryFactoryBean] is not eligible for getting processed by all BeanPostProcessors (for example: not eligible for auto-proxying)
2021-05-17 16:30:25.731  INFO 21652 --- [restartedMain] trationDelegate$BeanPostProcessorChecker : Bean 'roleRepository' of type [com.sun.proxy.$Proxy120] is not eligible for getting processed by all BeanPostProcessors (for example: not eligible for auto-proxying)
2021-05-17 16:30:25.750  INFO 21652 --- [restartedMain] trationDelegate$BeanPostProcessorChecker : Bean '(inner bean)#58e2208d' of type [org.springframework.beans.factory.config.PropertiesFactoryBean] is not eligible for getting processed by all BeanPostProcessors (for example: not eligible for auto-proxying)
2021-05-17 16:30:25.750  INFO 21652 --- [restartedMain] trationDelegate$BeanPostProcessorChecker : Bean '(inner bean)#58e2208d' of type [java.util.Properties] is not eligible for getting processed by all BeanPostProcessors (for example: not eligible for auto-proxying)
2021-05-17 16:30:25.751  INFO 21652 --- [restartedMain] trationDelegate$BeanPostProcessorChecker : Bean '(inner bean)#7a90de43' of type [org.springframework.data.repository.core.support.PropertiesBasedNamedQueries] is not eligible for getting processed by all BeanPostProcessors (for example: not eligible for auto-proxying)
2021-05-17 16:30:25.752  INFO 21652 --- [restartedMain] trationDelegate$BeanPostProcessorChecker : Bean '(inner bean)#66aca34a' of type [org.springframework.data.repository.core.support.RepositoryFragmentsFactoryBean] is not eligible for getting processed by all BeanPostProcessors (for example: not eligible for auto-proxying)
2021-05-17 16:30:25.752  INFO 21652 --- [restartedMain] trationDelegate$BeanPostProcessorChecker : Bean '(inner bean)#66aca34a' of type [org.springframework.data.repository.core.support.RepositoryComposition$RepositoryFragments] is not eligible for getting processed by all BeanPostProcessors (for example: not eligible for auto-proxying)
2021-05-17 16:30:25.754  INFO 21652 --- [restartedMain] trationDelegate$BeanPostProcessorChecker : Bean '(inner bean)#6cc55bc9' of type [org.springframework.data.repository.query.ExtensionAwareEvaluationContextProvider] is not eligible for getting processed by all BeanPostProcessors (for example: not eligible for auto-proxying)
2021-05-17 16:30:25.755  INFO 21652 --- [restartedMain] trationDelegate$BeanPostProcessorChecker : Bean '(inner bean)#234243d6' of type [com.sun.proxy.$Proxy111] is not eligible for getting processed by all BeanPostProcessors (for example: not eligible for auto-proxying)
2021-05-17 16:30:25.785  INFO 21652 --- [restartedMain] trationDelegate$BeanPostProcessorChecker : Bean 'rolePermissionRepository' of type [org.springframework.data.jpa.repository.support.JpaRepositoryFactoryBean] is not eligible for getting processed by all BeanPostProcessors (for example: not eligible for auto-proxying)
2021-05-17 16:30:25.786  INFO 21652 --- [restartedMain] trationDelegate$BeanPostProcessorChecker : Bean 'rolePermissionRepository' of type [com.sun.proxy.$Proxy121] is not eligible for getting processed by all BeanPostProcessors (for example: not eligible for auto-proxying)
2021-05-17 16:30:25.801  INFO 21652 --- [restartedMain] trationDelegate$BeanPostProcessorChecker : Bean '(inner bean)#108e2ea6' of type [org.springframework.beans.factory.config.PropertiesFactoryBean] is not eligible for getting processed by all BeanPostProcessors (for example: not eligible for auto-proxying)
2021-05-17 16:30:25.801  INFO 21652 --- [restartedMain] trationDelegate$BeanPostProcessorChecker : Bean '(inner bean)#108e2ea6' of type [java.util.Properties] is not eligible for getting processed by all BeanPostProcessors (for example: not eligible for auto-proxying)
2021-05-17 16:30:25.803  INFO 21652 --- [restartedMain] trationDelegate$BeanPostProcessorChecker : Bean '(inner bean)#7bbb2b03' of type [org.springframework.data.repository.core.support.PropertiesBasedNamedQueries] is not eligible for getting processed by all BeanPostProcessors (for example: not eligible for auto-proxying)
2021-05-17 16:30:25.804  INFO 21652 --- [restartedMain] trationDelegate$BeanPostProcessorChecker : Bean '(inner bean)#c450169' of type [org.springframework.data.repository.core.support.RepositoryFragmentsFactoryBean] is not eligible for getting processed by all BeanPostProcessors (for example: not eligible for auto-proxying)
2021-05-17 16:30:25.804  INFO 21652 --- [restartedMain] trationDelegate$BeanPostProcessorChecker : Bean '(inner bean)#c450169' of type [org.springframework.data.repository.core.support.RepositoryComposition$RepositoryFragments] is not eligible for getting processed by all BeanPostProcessors (for example: not eligible for auto-proxying)
2021-05-17 16:30:25.805  INFO 21652 --- [restartedMain] trationDelegate$BeanPostProcessorChecker : Bean '(inner bean)#7531e3e9' of type [org.springframework.data.repository.query.ExtensionAwareEvaluationContextProvider] is not eligible for getting processed by all BeanPostProcessors (for example: not eligible for auto-proxying)
2021-05-17 16:30:25.808  INFO 21652 --- [restartedMain] trationDelegate$BeanPostProcessorChecker : Bean '(inner bean)#19d47529' of type [com.sun.proxy.$Proxy111] is not eligible for getting processed by all BeanPostProcessors (for example: not eligible for auto-proxying)
2021-05-17 16:30:25.814  INFO 21652 --- [restartedMain] trationDelegate$BeanPostProcessorChecker : Bean 'menuRepository' of type [org.springframework.data.jpa.repository.support.JpaRepositoryFactoryBean] is not eligible for getting processed by all BeanPostProcessors (for example: not eligible for auto-proxying)
2021-05-17 16:30:25.815  INFO 21652 --- [restartedMain] trationDelegate$BeanPostProcessorChecker : Bean 'menuRepository' of type [com.sun.proxy.$Proxy122] is not eligible for getting processed by all BeanPostProcessors (for example: not eligible for auto-proxying)
2021-05-17 16:30:25.828  INFO 21652 --- [restartedMain] trationDelegate$BeanPostProcessorChecker : Bean 'roleService' of type [com.hotel.service.sys.impl.RoleServiceImpl] is not eligible for getting processed by all BeanPostProcessors (for example: not eligible for auto-proxying)
2021-05-17 16:30:25.888  INFO 21652 --- [restartedMain] trationDelegate$BeanPostProcessorChecker : Bean '(inner bean)#462f3ea3' of type [org.springframework.beans.factory.config.PropertiesFactoryBean] is not eligible for getting processed by all BeanPostProcessors (for example: not eligible for auto-proxying)
2021-05-17 16:30:25.889  INFO 21652 --- [restartedMain] trationDelegate$BeanPostProcessorChecker : Bean '(inner bean)#462f3ea3' of type [java.util.Properties] is not eligible for getting processed by all BeanPostProcessors (for example: not eligible for auto-proxying)
2021-05-17 16:30:25.890  INFO 21652 --- [restartedMain] trationDelegate$BeanPostProcessorChecker : Bean '(inner bean)#3ee2de73' of type [org.springframework.data.repository.core.support.PropertiesBasedNamedQueries] is not eligible for getting processed by all BeanPostProcessors (for example: not eligible for auto-proxying)
2021-05-17 16:30:25.890  INFO 21652 --- [restartedMain] trationDelegate$BeanPostProcessorChecker : Bean '(inner bean)#4906f83' of type [org.springframework.data.repository.core.support.RepositoryFragmentsFactoryBean] is not eligible for getting processed by all BeanPostProcessors (for example: not eligible for auto-proxying)
2021-05-17 16:30:25.891  INFO 21652 --- [restartedMain] trationDelegate$BeanPostProcessorChecker : Bean '(inner bean)#4906f83' of type [org.springframework.data.repository.core.support.RepositoryComposition$RepositoryFragments] is not eligible for getting processed by all BeanPostProcessors (for example: not eligible for auto-proxying)
2021-05-17 16:30:25.892  INFO 21652 --- [restartedMain] trationDelegate$BeanPostProcessorChecker : Bean '(inner bean)#162d47bf' of type [org.springframework.data.repository.query.ExtensionAwareEvaluationContextProvider] is not eligible for getting processed by all BeanPostProcessors (for example: not eligible for auto-proxying)
2021-05-17 16:30:25.894  INFO 21652 --- [restartedMain] trationDelegate$BeanPostProcessorChecker : Bean '(inner bean)#27294a9' of type [com.sun.proxy.$Proxy111] is not eligible for getting processed by all BeanPostProcessors (for example: not eligible for auto-proxying)
2021-05-17 16:30:25.907  INFO 21652 --- [restartedMain] trationDelegate$BeanPostProcessorChecker : Bean 'userRoleRepository' of type [org.springframework.data.jpa.repository.support.JpaRepositoryFactoryBean] is not eligible for getting processed by all BeanPostProcessors (for example: not eligible for auto-proxying)
2021-05-17 16:30:25.908  INFO 21652 --- [restartedMain] trationDelegate$BeanPostProcessorChecker : Bean 'userRoleRepository' of type [com.sun.proxy.$Proxy123] is not eligible for getting processed by all BeanPostProcessors (for example: not eligible for auto-proxying)
2021-05-17 16:30:25.946  INFO 21652 --- [restartedMain] trationDelegate$BeanPostProcessorChecker : Bean 'organizationServiceImpl' of type [com.hotel.service.sys.impl.OrganizationServiceImpl] is not eligible for getting processed by all BeanPostProcessors (for example: not eligible for auto-proxying)
2021-05-17 16:30:25.955  INFO 21652 --- [restartedMain] trationDelegate$BeanPostProcessorChecker : Bean 'userService' of type [com.hotel.service.sys.impl.UserServiceImpl] is not eligible for getting processed by all BeanPostProcessors (for example: not eligible for auto-proxying)
2021-05-17 16:30:25.984  INFO 21652 --- [restartedMain] trationDelegate$BeanPostProcessorChecker : Bean 'menuDao' of type [com.hotel.dao.sys.impl.MenuDaoImpl] is not eligible for getting processed by all BeanPostProcessors (for example: not eligible for auto-proxying)
2021-05-17 16:30:26.023  INFO 21652 --- [restartedMain] trationDelegate$BeanPostProcessorChecker : Bean 'menuService' of type [com.hotel.service.sys.impl.MenuServiceImpl] is not eligible for getting processed by all BeanPostProcessors (for example: not eligible for auto-proxying)
2021-05-17 16:30:26.068  INFO 21652 --- [restartedMain] trationDelegate$BeanPostProcessorChecker : Bean 'config' of type [com.hotel.config.Config] is not eligible for getting processed by all BeanPostProcessors (for example: not eligible for auto-proxying)
2021-05-17 16:30:26.070  INFO 21652 --- [restartedMain] trationDelegate$BeanPostProcessorChecker : Bean 'myShiroRealm' of type [com.hotel.config.shrio.MySystemRealm] is not eligible for getting processed by all BeanPostProcessors (for example: not eligible for auto-proxying)
2021-05-17 16:30:26.150  INFO 21652 --- [restartedMain] trationDelegate$BeanPostProcessorChecker : Bean 'securityManager' of type [org.apache.shiro.web.mgt.DefaultWebSecurityManager] is not eligible for getting processed by all BeanPostProcessors (for example: not eligible for auto-proxying)
2021-05-17 16:30:26.265  INFO 21652 --- [restartedMain] trationDelegate$BeanPostProcessorChecker : Bean 'authorizationAttributeSourceAdvisor' of type [org.apache.shiro.spring.security.interceptor.AuthorizationAttributeSourceAdvisor] is not eligible for getting processed by all BeanPostProcessors (for example: not eligible for auto-proxying)
2021-05-17 16:30:26.273  INFO 21652 --- [restartedMain] com.hotel.config.ShiroConfiguration      : ShiroConfiguration.shirFilter()
2021-05-17 16:30:27.160  INFO 21652 --- [restartedMain] o.s.b.w.embedded.tomcat.TomcatWebServer  : Tomcat initialized with port(s): 8086 (http)
2021-05-17 16:30:27.208  INFO 21652 --- [restartedMain] o.apache.catalina.core.StandardService   : Starting service [Tomcat]
2021-05-17 16:30:27.208  INFO 21652 --- [restartedMain] org.apache.catalina.core.StandardEngine  : Starting Servlet Engine: Apache Tomcat/8.5.29
2021-05-17 16:30:27.214  INFO 21652 --- [localhost-startStop-1] o.a.catalina.core.AprLifecycleListener   : The APR based Apache Tomcat Native library which allows optimal performance in production environments was not found on the java.library.path: [D:\tools\JDK8_64\bin;C:\WINDOWS\Sun\Java\bin;C:\WINDOWS\system32;C:\WINDOWS;C:\Program Files\Microsoft MPI\Bin\;C:\CTEX\UserData\miktex\bin;C:\CTEX\MiKTeX\miktex\bin;C:\CTEX\CTeX\ctex\bin;C:\CTEX\CTeX\cct\bin;C:\CTEX\CTeX\ty\bin;C:\CTEX\Ghostscript\gs9.05\bin;C:\CTEX\GSview\gsview;C:\CTEX\WinEdt;D:\tools\JDK8_64\bin;D:\tools\JDK8_64\jre\bin;D:\tools\mysql-5.7.23-winx64\bin;C:\Program Files\TortoiseGit\bin;C:\Program Files\nodejs\;C:\Program Files (x86)\Microsoft SQL Server\130\Tools\Binn\;D:\sql server\130\Tools\Binn\;C:\Program Files (x86)\Microsoft SQL Server\130\DTS\Binn\;D:\sql server\130\DTS\Binn\;D:\sql server\Client SDK\ODBC\130\Tools\Binn\;C:\WINDOWS\system32;C:\WINDOWS;C:\WINDOWS\System32\Wbem;C:\WINDOWS\System32\WindowsPowerShell\v1.0\;C:\WINDOWS\System32\OpenSSH\;C:\Program Files\Azure Data Studio\bin;C:\Program Files (x86)\Microsoft SQL Server\150\DTS\Binn\;C:\Users\hays\AppData\Local\Microsoft\WindowsApps;C:\Users\hays\AppData\Roaming\npm;D:\tools\Microsoft VS Code\bin;;C:\Program Files\Azure Data Studio\bin;.]
2021-05-17 16:30:27.508  INFO 21652 --- [localhost-startStop-1] o.a.c.c.C.[Tomcat].[localhost].[/]       : Initializing Spring embedded WebApplicationContext
2021-05-17 16:30:27.508  INFO 21652 --- [localhost-startStop-1] o.s.web.context.ContextLoader            : Root WebApplicationContext: initialization completed in 17419 ms
2021-05-17 16:30:28.366  INFO 21652 --- [localhost-startStop-1] o.s.b.w.servlet.FilterRegistrationBean   : Mapping filter: 'characterEncodingFilter' to: [/*]
2021-05-17 16:30:28.367  INFO 21652 --- [localhost-startStop-1] o.s.b.w.servlet.FilterRegistrationBean   : Mapping filter: 'hiddenHttpMethodFilter' to: [/*]
2021-05-17 16:30:28.367  INFO 21652 --- [localhost-startStop-1] o.s.b.w.servlet.FilterRegistrationBean   : Mapping filter: 'httpPutFormContentFilter' to: [/*]
2021-05-17 16:30:28.367  INFO 21652 --- [localhost-startStop-1] o.s.b.w.servlet.FilterRegistrationBean   : Mapping filter: 'requestContextFilter' to: [/*]
2021-05-17 16:30:28.369  INFO 21652 --- [localhost-startStop-1] .s.DelegatingFilterProxyRegistrationBean : Mapping filter: 'springSecurityFilterChain' to: [/*]
2021-05-17 16:30:28.370  INFO 21652 --- [localhost-startStop-1] o.s.b.w.servlet.FilterRegistrationBean   : Mapping filter: 'webStatFilter' to urls: [/*]
2021-05-17 16:30:28.370  INFO 21652 --- [localhost-startStop-1] o.s.b.w.servlet.FilterRegistrationBean   : Mapping filter: 'shirFilter' to: [/*]
2021-05-17 16:30:28.370  INFO 21652 --- [localhost-startStop-1] o.s.b.w.servlet.ServletRegistrationBean  : Servlet dispatcherServlet mapped to [/]
2021-05-17 16:30:28.372  INFO 21652 --- [localhost-startStop-1] o.s.b.w.servlet.ServletRegistrationBean  : Servlet statViewServlet mapped to [/druid/*]
2021-05-17 16:30:32.306  INFO 21652 --- [restartedMain] s.w.s.m.m.a.RequestMappingHandlerAdapter : Looking for @ControllerAdvice: org.springframework.boot.web.servlet.context.AnnotationConfigServletWebServerApplicationContext@457b7635: startup date [Mon May 17 16:30:10 CST 2021]; root of context hierarchy
2021-05-17 16:30:32.524  WARN 21652 --- [restartedMain] aWebConfiguration$JpaWebMvcConfiguration : spring.jpa.open-in-view is enabled by default. Therefore, database queries may be performed during view rendering. Explicitly configure spring.jpa.open-in-view to disable this warning
2021-05-17 16:30:32.621  INFO 21652 --- [restartedMain] s.w.s.m.m.a.RequestMappingHandlerMapping : Mapped "{[/food/save]}" onto public com.hotel.entity.sys.Result com.hotel.controller.food.HotelFoodsController.update(java.util.Map<java.lang.String, java.lang.Object>)
2021-05-17 16:30:32.623  INFO 21652 --- [restartedMain] s.w.s.m.m.a.RequestMappingHandlerMapping : Mapped "{[/food/cancel]}" onto public com.hotel.entity.sys.Result com.hotel.controller.food.HotelFoodsController.cancel(java.lang.String,java.lang.Integer)
2021-05-17 16:30:32.624  INFO 21652 --- [restartedMain] s.w.s.m.m.a.RequestMappingHandlerMapping : Mapped "{[/food]}" onto public java.lang.String com.hotel.controller.food.HotelFoodsController.Index(javax.servlet.http.HttpServletRequest)
2021-05-17 16:30:32.625  INFO 21652 --- [restartedMain] s.w.s.m.m.a.RequestMappingHandlerMapping : Mapped "{[/food/page]}" onto public java.util.Map<java.lang.String, java.lang.Object> com.hotel.controller.food.HotelFoodsController.queryOnePage(javax.servlet.http.HttpServletRequest)
2021-05-17 16:30:32.625  INFO 21652 --- [restartedMain] s.w.s.m.m.a.RequestMappingHandlerMapping : Mapped "{[/food/batchdel]}" onto public com.hotel.entity.sys.Result com.hotel.controller.food.HotelFoodsController.batchDelete(java.lang.String[])
2021-05-17 16:30:32.626  INFO 21652 --- [restartedMain] s.w.s.m.m.a.RequestMappingHandlerMapping : Mapped "{[/food/del]}" onto public com.hotel.entity.sys.Result com.hotel.controller.food.HotelFoodsController.del(java.lang.String)
2021-05-17 16:30:32.626  INFO 21652 --- [restartedMain] s.w.s.m.m.a.RequestMappingHandlerMapping : Mapped "{[/food/one]}" onto public com.hotel.entity.sys.Result com.hotel.controller.food.HotelFoodsController.findById(java.lang.String)
2021-05-17 16:30:32.627  INFO 21652 --- [restartedMain] s.w.s.m.m.a.RequestMappingHandlerMapping : Mapped "{[/searchFood]}" onto public java.lang.String com.hotel.controller.food.SearchHotelFoodsController.Index(javax.servlet.http.HttpServletRequest)
2021-05-17 16:30:32.627  INFO 21652 --- [restartedMain] s.w.s.m.m.a.RequestMappingHandlerMapping : Mapped "{[/searchFood/page]}" onto public java.util.Map<java.lang.String, java.lang.Object> com.hotel.controller.food.SearchHotelFoodsController.queryOnePage(javax.servlet.http.HttpServletRequest)
2021-05-17 16:30:32.632  INFO 21652 --- [restartedMain] s.w.s.m.m.a.RequestMappingHandlerMapping : Mapped "{[/customer/save]}" onto public com.hotel.entity.sys.Result com.hotel.controller.peopleInfo.HotelConsumerController.update(java.util.Map<java.lang.String, java.lang.Object>)
2021-05-17 16:30:32.632  INFO 21652 --- [restartedMain] s.w.s.m.m.a.RequestMappingHandlerMapping : Mapped "{[/customer/cancel]}" onto public com.hotel.entity.sys.Result com.hotel.controller.peopleInfo.HotelConsumerController.cancel(java.lang.String,java.lang.Integer)
2021-05-17 16:30:32.632  INFO 21652 --- [restartedMain] s.w.s.m.m.a.RequestMappingHandlerMapping : Mapped "{[/customer]}" onto public java.lang.String com.hotel.controller.peopleInfo.HotelConsumerController.Index(javax.servlet.http.HttpServletRequest)
2021-05-17 16:30:32.633  INFO 21652 --- [restartedMain] s.w.s.m.m.a.RequestMappingHandlerMapping : Mapped "{[/customer/page]}" onto public java.util.Map<java.lang.String, java.lang.Object> com.hotel.controller.peopleInfo.HotelConsumerController.queryOnePage(javax.servlet.http.HttpServletRequest)
2021-05-17 16:30:32.634  INFO 21652 --- [restartedMain] s.w.s.m.m.a.RequestMappingHandlerMapping : Mapped "{[/customer/batchdel]}" onto public com.hotel.entity.sys.Result com.hotel.controller.peopleInfo.HotelConsumerController.batchDelete(java.lang.String[])
2021-05-17 16:30:32.634  INFO 21652 --- [restartedMain] s.w.s.m.m.a.RequestMappingHandlerMapping : Mapped "{[/customer/del]}" onto public com.hotel.entity.sys.Result com.hotel.controller.peopleInfo.HotelConsumerController.del(java.lang.String)
2021-05-17 16:30:32.634  INFO 21652 --- [restartedMain] s.w.s.m.m.a.RequestMappingHandlerMapping : Mapped "{[/customer/one]}" onto public com.hotel.entity.sys.Result com.hotel.controller.peopleInfo.HotelConsumerController.findById(java.lang.String)
2021-05-17 16:30:32.636  INFO 21652 --- [restartedMain] s.w.s.m.m.a.RequestMappingHandlerMapping : Mapped "{[/worker/save]}" onto public com.hotel.entity.sys.Result com.hotel.controller.peopleInfo.HotelWorkerController.update(java.util.Map<java.lang.String, java.lang.Object>)
2021-05-17 16:30:32.636  INFO 21652 --- [restartedMain] s.w.s.m.m.a.RequestMappingHandlerMapping : Mapped "{[/worker/test]}" onto public java.lang.String com.hotel.controller.peopleInfo.HotelWorkerController.test()
2021-05-17 16:30:32.636  INFO 21652 --- [restartedMain] s.w.s.m.m.a.RequestMappingHandlerMapping : Mapped "{[/worker/cancel]}" onto public com.hotel.entity.sys.Result com.hotel.controller.peopleInfo.HotelWorkerController.cancel(java.lang.String,java.lang.Integer)
2021-05-17 16:30:32.637  INFO 21652 --- [restartedMain] s.w.s.m.m.a.RequestMappingHandlerMapping : Mapped "{[/worker]}" onto public java.lang.String com.hotel.controller.peopleInfo.HotelWorkerController.Index(javax.servlet.http.HttpServletRequest)
2021-05-17 16:30:32.637  INFO 21652 --- [restartedMain] s.w.s.m.m.a.RequestMappingHandlerMapping : Mapped "{[/worker/page]}" onto public java.util.Map<java.lang.String, java.lang.Object> com.hotel.controller.peopleInfo.HotelWorkerController.queryOnePage(javax.servlet.http.HttpServletRequest)
2021-05-17 16:30:32.638  INFO 21652 --- [restartedMain] s.w.s.m.m.a.RequestMappingHandlerMapping : Mapped "{[/worker/batchdel]}" onto public com.hotel.entity.sys.Result com.hotel.controller.peopleInfo.HotelWorkerController.batchDelete(java.lang.String[])
2021-05-17 16:30:32.638  INFO 21652 --- [restartedMain] s.w.s.m.m.a.RequestMappingHandlerMapping : Mapped "{[/worker/del]}" onto public com.hotel.entity.sys.Result com.hotel.controller.peopleInfo.HotelWorkerController.del(java.lang.String)
2021-05-17 16:30:32.638  INFO 21652 --- [restartedMain] s.w.s.m.m.a.RequestMappingHandlerMapping : Mapped "{[/worker/one]}" onto public com.hotel.entity.sys.Result com.hotel.controller.peopleInfo.HotelWorkerController.findById(java.lang.String)
2021-05-17 16:30:32.640  INFO 21652 --- [restartedMain] s.w.s.m.m.a.RequestMappingHandlerMapping : Mapped "{[/price/savenormal]}" onto public com.hotel.entity.sys.Result com.hotel.controller.room.HotelPriceController.update(java.util.Map<java.lang.String, java.lang.Object>)
2021-05-17 16:30:32.640  INFO 21652 --- [restartedMain] s.w.s.m.m.a.RequestMappingHandlerMapping : Mapped "{[/price/allroom]}" onto public com.hotel.entity.sys.Result com.hotel.controller.room.HotelPriceController.query()
2021-05-17 16:30:32.640  INFO 21652 --- [restartedMain] s.w.s.m.m.a.RequestMappingHandlerMapping : Mapped "{[/price/cancel]}" onto public com.hotel.entity.sys.Result com.hotel.controller.room.HotelPriceController.cancel(java.lang.String,java.lang.Integer)
2021-05-17 16:30:32.641  INFO 21652 --- [restartedMain] s.w.s.m.m.a.RequestMappingHandlerMapping : Mapped "{[/price/save]}" onto public com.hotel.entity.sys.Result com.hotel.controller.room.HotelPriceController.updatePlan(java.util.Map<java.lang.String, java.lang.Object>)
2021-05-17 16:30:32.641  INFO 21652 --- [restartedMain] s.w.s.m.m.a.RequestMappingHandlerMapping : Mapped "{[/price]}" onto public java.lang.String com.hotel.controller.room.HotelPriceController.Index(javax.servlet.http.HttpServletRequest)
2021-05-17 16:30:32.642  INFO 21652 --- [restartedMain] s.w.s.m.m.a.RequestMappingHandlerMapping : Mapped "{[/price/page]}" onto public java.util.Map<java.lang.String, java.lang.Object> com.hotel.controller.room.HotelPriceController.queryOnePage(javax.servlet.http.HttpServletRequest)
2021-05-17 16:30:32.642  INFO 21652 --- [restartedMain] s.w.s.m.m.a.RequestMappingHandlerMapping : Mapped "{[/price/batchdel]}" onto public com.hotel.entity.sys.Result com.hotel.controller.room.HotelPriceController.batchDelete(java.lang.String[])
2021-05-17 16:30:32.643  INFO 21652 --- [restartedMain] s.w.s.m.m.a.RequestMappingHandlerMapping : Mapped "{[/price/del]}" onto public com.hotel.entity.sys.Result com.hotel.controller.room.HotelPriceController.del(java.lang.String)
2021-05-17 16:30:32.644  INFO 21652 --- [restartedMain] s.w.s.m.m.a.RequestMappingHandlerMapping : Mapped "{[/price/loadnormal]}" onto public com.hotel.entity.sys.Result com.hotel.controller.room.HotelPriceController.LoadNormalPrice(java.util.Map<java.lang.String, java.lang.Object>)
2021-05-17 16:30:32.644  INFO 21652 --- [restartedMain] s.w.s.m.m.a.RequestMappingHandlerMapping : Mapped "{[/price/one]}" onto public com.hotel.entity.sys.Result com.hotel.controller.room.HotelPriceController.findById(java.lang.String)
2021-05-17 16:30:32.645  INFO 21652 --- [restartedMain] s.w.s.m.m.a.RequestMappingHandlerMapping : Mapped "{[/room/save]}" onto public com.hotel.entity.sys.Result com.hotel.controller.room.HotelRoomController.update(java.util.Map<java.lang.String, java.lang.Object>,java.lang.String[])
2021-05-17 16:30:32.645  INFO 21652 --- [restartedMain] s.w.s.m.m.a.RequestMappingHandlerMapping : Mapped "{[/room/cancel]}" onto public com.hotel.entity.sys.Result com.hotel.controller.room.HotelRoomController.cancel(java.lang.String,java.lang.Integer)
2021-05-17 16:30:32.646  INFO 21652 --- [restartedMain] s.w.s.m.m.a.RequestMappingHandlerMapping : Mapped "{[/room]}" onto public java.lang.String com.hotel.controller.room.HotelRoomController.Index(javax.servlet.http.HttpServletRequest)
2021-05-17 16:30:32.646  INFO 21652 --- [restartedMain] s.w.s.m.m.a.RequestMappingHandlerMapping : Mapped "{[/room/page]}" onto public java.util.Map<java.lang.String, java.lang.Object> com.hotel.controller.room.HotelRoomController.queryOnePage(javax.servlet.http.HttpServletRequest)
2021-05-17 16:30:32.647  INFO 21652 --- [restartedMain] s.w.s.m.m.a.RequestMappingHandlerMapping : Mapped "{[/room/batchdel]}" onto public com.hotel.entity.sys.Result com.hotel.controller.room.HotelRoomController.batchDelete(java.lang.String[])
2021-05-17 16:30:32.647  INFO 21652 --- [restartedMain] s.w.s.m.m.a.RequestMappingHandlerMapping : Mapped "{[/room/del]}" onto public com.hotel.entity.sys.Result com.hotel.controller.room.HotelRoomController.del(java.lang.String)
2021-05-17 16:30:32.647  INFO 21652 --- [restartedMain] s.w.s.m.m.a.RequestMappingHandlerMapping : Mapped "{[/room/one]}" onto public com.hotel.entity.sys.Result com.hotel.controller.room.HotelRoomController.findById(java.lang.String)
2021-05-17 16:30:32.649  INFO 21652 --- [restartedMain] s.w.s.m.m.a.RequestMappingHandlerMapping : Mapped "{[/searchPrice/savenormal]}" onto public com.hotel.entity.sys.Result com.hotel.controller.room.SearchHotelPriceController.update(java.util.Map<java.lang.String, java.lang.Object>)
2021-05-17 16:30:32.649  INFO 21652 --- [restartedMain] s.w.s.m.m.a.RequestMappingHandlerMapping : Mapped "{[/searchPrice/allroom]}" onto public com.hotel.entity.sys.Result com.hotel.controller.room.SearchHotelPriceController.query()
2021-05-17 16:30:32.649  INFO 21652 --- [restartedMain] s.w.s.m.m.a.RequestMappingHandlerMapping : Mapped "{[/searchPrice/save]}" onto public com.hotel.entity.sys.Result com.hotel.controller.room.SearchHotelPriceController.updatePlan(java.util.Map<java.lang.String, java.lang.Object>)
2021-05-17 16:30:32.649  INFO 21652 --- [restartedMain] s.w.s.m.m.a.RequestMappingHandlerMapping : Mapped "{[/searchPrice]}" onto public java.lang.String com.hotel.controller.room.SearchHotelPriceController.Index(javax.servlet.http.HttpServletRequest)
2021-05-17 16:30:32.650  INFO 21652 --- [restartedMain] s.w.s.m.m.a.RequestMappingHandlerMapping : Mapped "{[/searchPrice/page]}" onto public java.util.Map<java.lang.String, java.lang.Object> com.hotel.controller.room.SearchHotelPriceController.queryOnePage(javax.servlet.http.HttpServletRequest)
2021-05-17 16:30:32.650  INFO 21652 --- [restartedMain] s.w.s.m.m.a.RequestMappingHandlerMapping : Mapped "{[/searchPrice/loadnormal]}" onto public com.hotel.entity.sys.Result com.hotel.controller.room.SearchHotelPriceController.LoadNormalPrice(java.util.Map<java.lang.String, java.lang.Object>)
2021-05-17 16:30:32.651  INFO 21652 --- [restartedMain] s.w.s.m.m.a.RequestMappingHandlerMapping : Mapped "{[/searchPrice/one]}" onto public com.hotel.entity.sys.Result com.hotel.controller.room.SearchHotelPriceController.findById(java.lang.String)
2021-05-17 16:30:32.652  INFO 21652 --- [restartedMain] s.w.s.m.m.a.RequestMappingHandlerMapping : Mapped "{[/login],methods=[POST]}" onto public java.lang.String com.hotel.controller.RootController.login(javax.servlet.http.HttpServletRequest,java.util.Map<java.lang.String, java.lang.Object>) throws java.lang.Exception
2021-05-17 16:30:32.652  INFO 21652 --- [restartedMain] s.w.s.m.m.a.RequestMappingHandlerMapping : Mapped "{[/login],methods=[GET]}" onto public java.lang.String com.hotel.controller.RootController.login(java.util.Map<java.lang.String, java.lang.Object>)
2021-05-17 16:30:32.653  INFO 21652 --- [restartedMain] s.w.s.m.m.a.RequestMappingHandlerMapping : Mapped "{[/ || /index]}" onto public java.lang.String com.hotel.controller.RootController.Home(java.util.Map<java.lang.String, java.lang.Object>)
2021-05-17 16:30:32.653  INFO 21652 --- [restartedMain] s.w.s.m.m.a.RequestMappingHandlerMapping : Mapped "{[/logout],methods=[GET]}" onto public java.lang.String com.hotel.controller.RootController.logout(java.util.Map<java.lang.String, java.lang.Object>)
2021-05-17 16:30:32.655  INFO 21652 --- [restartedMain] s.w.s.m.m.a.RequestMappingHandlerMapping : Mapped "{[/depart/update]}" onto public com.hotel.entity.sys.Result com.hotel.controller.sys.OrganizationController.update(com.hotel.entity.sys.Organization)
2021-05-17 16:30:32.655  INFO 21652 --- [restartedMain] s.w.s.m.m.a.RequestMappingHandlerMapping : Mapped "{[/depart/del]}" onto public com.hotel.entity.sys.Result com.hotel.controller.sys.OrganizationController.delete(java.lang.String)
2021-05-17 16:30:32.656  INFO 21652 --- [restartedMain] s.w.s.m.m.a.RequestMappingHandlerMapping : Mapped "{[/depart/all]}" onto public com.hotel.entity.sys.Result com.hotel.controller.sys.OrganizationController.query()
2021-05-17 16:30:32.656  INFO 21652 --- [restartedMain] s.w.s.m.m.a.RequestMappingHandlerMapping : Mapped "{[/depart/getNodes]}" onto public com.hotel.entity.sys.Result com.hotel.controller.sys.OrganizationController.getNodes(java.lang.String)
2021-05-17 16:30:32.656  INFO 21652 --- [restartedMain] s.w.s.m.m.a.RequestMappingHandlerMapping : Mapped "{[/depart/allWarehouse]}" onto public com.hotel.entity.sys.Result com.hotel.controller.sys.OrganizationController.allWarehouse(java.lang.String)
2021-05-17 16:30:32.656  INFO 21652 --- [restartedMain] s.w.s.m.m.a.RequestMappingHandlerMapping : Mapped "{[/depart/getRootOrg]}" onto public com.hotel.entity.sys.Result com.hotel.controller.sys.OrganizationController.getRootOrg()
2021-05-17 16:30:32.656  INFO 21652 --- [restartedMain] s.w.s.m.m.a.RequestMappingHandlerMapping : Mapped "{[/depart/orgManage]}" onto public java.lang.String com.hotel.controller.sys.OrganizationController.orgManage()
2021-05-17 16:30:32.657  INFO 21652 --- [restartedMain] s.w.s.m.m.a.RequestMappingHandlerMapping : Mapped "{[/depart/queryWarehouseById]}" onto public com.hotel.entity.sys.Result com.hotel.controller.sys.OrganizationController.queryWarehouseById(java.lang.String)
2021-05-17 16:30:32.658  INFO 21652 --- [restartedMain] s.w.s.m.m.a.RequestMappingHandlerMapping : Mapped "{[/role/all]}" onto public com.hotel.entity.sys.Result com.hotel.controller.sys.RoleController.query()
2021-05-17 16:30:32.659  INFO 21652 --- [restartedMain] s.w.s.m.m.a.RequestMappingHandlerMapping : Mapped "{[/role/id]}" onto public com.hotel.entity.sys.Role com.hotel.controller.sys.RoleController.queryUserById(java.lang.String)
2021-05-17 16:30:32.659  INFO 21652 --- [restartedMain] s.w.s.m.m.a.RequestMappingHandlerMapping : Mapped "{[/role/allPermissions]}" onto public java.util.List<java.util.Map<java.lang.String, java.lang.Object>> com.hotel.controller.sys.RoleController.queryAllMenus()
2021-05-17 16:30:32.659  INFO 21652 --- [restartedMain] s.w.s.m.m.a.RequestMappingHandlerMapping : Mapped "{[/role/page]}" onto public java.util.Map<java.lang.String, java.lang.Object> com.hotel.controller.sys.RoleController.queryRoles(javax.servlet.http.HttpServletRequest,java.lang.String)
2021-05-17 16:30:32.660  INFO 21652 --- [restartedMain] s.w.s.m.m.a.RequestMappingHandlerMapping : Mapped "{[/role/save]}" onto public com.hotel.entity.sys.Result com.hotel.controller.sys.RoleController.addOrUpdate(java.lang.String,java.lang.String,java.lang.String)
2021-05-17 16:30:32.660  INFO 21652 --- [restartedMain] s.w.s.m.m.a.RequestMappingHandlerMapping : Mapped "{[/role/del]}" onto public com.hotel.entity.sys.Result com.hotel.controller.sys.RoleController.Delete(java.lang.String)
2021-05-17 16:30:32.660  INFO 21652 --- [restartedMain] s.w.s.m.m.a.RequestMappingHandlerMapping : Mapped "{[/role/state]}" onto public com.hotel.entity.sys.Result com.hotel.controller.sys.RoleController.UpdateState(java.lang.String,int)
2021-05-17 16:30:32.660  INFO 21652 --- [restartedMain] s.w.s.m.m.a.RequestMappingHandlerMapping : Mapped "{[/role/exist]}" onto public com.hotel.entity.sys.Result com.hotel.controller.sys.RoleController.queryByName(java.lang.String,java.lang.String)
2021-05-17 16:30:32.660  INFO 21652 --- [restartedMain] s.w.s.m.m.a.RequestMappingHandlerMapping : Mapped "{[/role/queryPermissionsByRole]}" onto public java.util.List<java.lang.Integer> com.hotel.controller.sys.RoleController.queryPermissionsByRole(java.lang.String)
2021-05-17 16:30:32.660  INFO 21652 --- [restartedMain] s.w.s.m.m.a.RequestMappingHandlerMapping : Mapped "{[/role/updatePermissions]}" onto public com.hotel.entity.sys.Result com.hotel.controller.sys.RoleController.updatePermissions(java.lang.String,java.lang.Object[])
2021-05-17 16:30:32.661  INFO 21652 --- [restartedMain] s.w.s.m.m.a.RequestMappingHandlerMapping : Mapped "{[/role/role]}" onto public java.lang.String com.hotel.controller.sys.RoleController.role()
2021-05-17 16:30:32.661  INFO 21652 --- [restartedMain] s.w.s.m.m.a.RequestMappingHandlerMapping : Mapped "{[/role/batchdel]}" onto public com.hotel.entity.sys.Result com.hotel.controller.sys.RoleController.batchDelete(java.lang.String[])
2021-05-17 16:30:32.662  INFO 21652 --- [restartedMain] s.w.s.m.m.a.RequestMappingHandlerMapping : Mapped "{[/user/user]}" onto public java.lang.String com.hotel.controller.sys.UserController.user()
2021-05-17 16:30:32.663  INFO 21652 --- [restartedMain] s.w.s.m.m.a.RequestMappingHandlerMapping : Mapped "{[/user/queryUserById]}" onto public com.hotel.entity.sys.User com.hotel.controller.sys.UserController.queryUserById(java.lang.String)
2021-05-17 16:30:32.663  INFO 21652 --- [restartedMain] s.w.s.m.m.a.RequestMappingHandlerMapping : Mapped "{[/user/addOrUpdateUser]}" onto public com.hotel.entity.sys.Result com.hotel.controller.sys.UserController.addOrUpdateUser(java.lang.String,java.lang.String,java.lang.String,java.lang.String,java.lang.Integer,java.lang.String,java.lang.String,java.lang.Object[])
2021-05-17 16:30:32.663  INFO 21652 --- [restartedMain] s.w.s.m.m.a.RequestMappingHandlerMapping : Mapped "{[/user/del]}" onto public com.hotel.entity.sys.Result com.hotel.controller.sys.UserController.Delete(java.lang.String)
2021-05-17 16:30:32.663  INFO 21652 --- [restartedMain] s.w.s.m.m.a.RequestMappingHandlerMapping : Mapped "{[/user/state]}" onto public com.hotel.entity.sys.Result com.hotel.controller.sys.UserController.UpdateState(java.lang.String,int)
2021-05-17 16:30:32.664  INFO 21652 --- [restartedMain] s.w.s.m.m.a.RequestMappingHandlerMapping : Mapped "{[/user/updateUser]}" onto public com.hotel.entity.sys.Result com.hotel.controller.sys.UserController.updateUser(com.hotel.entity.sys.User)
2021-05-17 16:30:32.664  INFO 21652 --- [restartedMain] s.w.s.m.m.a.RequestMappingHandlerMapping : Mapped "{[/user/loginNameExist]}" onto public com.hotel.entity.sys.Result com.hotel.controller.sys.UserController.loginNameExist(java.lang.String,java.lang.String)
2021-05-17 16:30:32.664  INFO 21652 --- [restartedMain] s.w.s.m.m.a.RequestMappingHandlerMapping : Mapped "{[/user/page]}" onto public java.util.Map<java.lang.String, java.lang.Object> com.hotel.controller.sys.UserController.queryUser(javax.servlet.http.HttpServletRequest,java.lang.String,java.lang.String,java.lang.String)
2021-05-17 16:30:32.664  INFO 21652 --- [restartedMain] s.w.s.m.m.a.RequestMappingHandlerMapping : Mapped "{[/user/queryUserByLoginName]}" onto public java.lang.String com.hotel.controller.sys.UserController.queryUserByLoginName(java.lang.String)
2021-05-17 16:30:32.664  INFO 21652 --- [restartedMain] s.w.s.m.m.a.RequestMappingHandlerMapping : Mapped "{[/user/batchdel]}" onto public com.hotel.entity.sys.Result com.hotel.controller.sys.UserController.batchDelete(java.lang.String[])
2021-05-17 16:30:32.666  INFO 21652 --- [restartedMain] s.w.s.m.m.a.RequestMappingHandlerMapping : Mapped "{[/upload/banner]}" onto public java.util.List<java.util.Map<java.lang.String, java.lang.Object>> com.hotel.controller.UploadController.uploadBannerImages(javax.servlet.http.HttpServletRequest,org.springframework.web.multipart.MultipartFile[])
2021-05-17 16:30:32.667  INFO 21652 --- [restartedMain] s.w.s.m.m.a.RequestMappingHandlerMapping : Mapped "{[/upload/roompic]}" onto public java.util.List<java.util.Map<java.lang.String, java.lang.Object>> com.hotel.controller.UploadController.uploadHotelRoomMainImage(javax.servlet.http.HttpServletRequest,org.springframework.web.multipart.MultipartFile[])
2021-05-17 16:30:32.667  INFO 21652 --- [restartedMain] s.w.s.m.m.a.RequestMappingHandlerMapping : Mapped "{[/upload/mainpic]}" onto public java.util.List<java.util.Map<java.lang.String, java.lang.Object>> com.hotel.controller.UploadController.uploadHotelMainImage(javax.servlet.http.HttpServletRequest,org.springframework.web.multipart.MultipartFile[])
2021-05-17 16:30:32.668  INFO 21652 --- [restartedMain] s.w.s.m.m.a.RequestMappingHandlerMapping : Mapped "{[/upload/hotelpics]}" onto public java.util.List<java.util.Map<java.lang.String, java.lang.Object>> com.hotel.controller.UploadController.uploadHotelImages(javax.servlet.http.HttpServletRequest,org.springframework.web.multipart.MultipartFile[])
2021-05-17 16:30:32.668  INFO 21652 --- [restartedMain] s.w.s.m.m.a.RequestMappingHandlerMapping : Mapped "{[/upload/roompics]}" onto public java.util.List<java.util.Map<java.lang.String, java.lang.Object>> com.hotel.controller.UploadController.uploadHotelRoomImages(javax.servlet.http.HttpServletRequest,org.springframework.web.multipart.MultipartFile[])
2021-05-17 16:30:32.668  INFO 21652 --- [restartedMain] s.w.s.m.m.a.RequestMappingHandlerMapping : Mapped "{[/upload/simditor]}" onto public java.util.Map<java.lang.String, java.lang.Object> com.hotel.controller.UploadController.uploadImageForSimditor(javax.servlet.http.HttpServletRequest,org.springframework.web.multipart.MultipartFile[])
2021-05-17 16:30:32.672  INFO 21652 --- [restartedMain] s.w.s.m.m.a.RequestMappingHandlerMapping : Mapped "{[/error]}" onto public org.springframework.http.ResponseEntity<java.util.Map<java.lang.String, java.lang.Object>> org.springframework.boot.autoconfigure.web.servlet.error.BasicErrorController.error(javax.servlet.http.HttpServletRequest)
2021-05-17 16:30:32.673  INFO 21652 --- [restartedMain] s.w.s.m.m.a.RequestMappingHandlerMapping : Mapped "{[/error],produces=[text/html]}" onto public org.springframework.web.servlet.ModelAndView org.springframework.boot.autoconfigure.web.servlet.error.BasicErrorController.errorHtml(javax.servlet.http.HttpServletRequest,javax.servlet.http.HttpServletResponse)
2021-05-17 16:30:33.022  INFO 21652 --- [restartedMain] o.s.w.s.handler.SimpleUrlHandlerMapping  : Mapped URL path [/webjars/**] onto handler of type [class org.springframework.web.servlet.resource.ResourceHttpRequestHandler]
2021-05-17 16:30:33.022  INFO 21652 --- [restartedMain] o.s.w.s.handler.SimpleUrlHandlerMapping  : Mapped URL path [/**] onto handler of type [class org.springframework.web.servlet.resource.ResourceHttpRequestHandler]
2021-05-17 16:30:33.022  INFO 21652 --- [restartedMain] o.s.w.s.handler.SimpleUrlHandlerMapping  : Mapped URL path [/favicon.ico] onto handler of type [class org.springframework.web.servlet.resource.ResourceHttpRequestHandler]
2021-05-17 16:30:33.022  INFO 21652 --- [restartedMain] o.s.w.s.handler.SimpleUrlHandlerMapping  : Mapped URL path [/favicon_one.ico] onto handler of type [class org.springframework.web.servlet.resource.ResourceHttpRequestHandler]
2021-05-17 16:30:33.022  INFO 21652 --- [restartedMain] o.s.w.s.handler.SimpleUrlHandlerMapping  : Mapped URL path [/uploadFiles/**] onto handler of type [class org.springframework.web.servlet.resource.ResourceHttpRequestHandler]
2021-05-17 16:30:33.172  INFO 21652 --- [restartedMain] .m.m.a.ExceptionHandlerExceptionResolver : Detected @ExceptionHandler methods in globalExceptionHandler
2021-05-17 16:30:34.397  INFO 21652 --- [restartedMain] o.s.b.a.w.s.WelcomePageHandlerMapping    : Adding welcome page template: index
2021-05-17 16:30:35.704  INFO 21652 --- [restartedMain] .s.s.UserDetailsServiceAutoConfiguration : 

Using generated security password: e4be8685-a0d5-42ee-92c7-32b8f5b3f729

2021-05-17 16:30:36.186  INFO 21652 --- [restartedMain] o.s.s.web.DefaultSecurityFilterChain     : Creating filter chain: org.springframework.security.web.util.matcher.AnyRequestMatcher@1, [org.springframework.security.web.context.request.async.WebAsyncManagerIntegrationFilter@15a96176, org.springframework.security.web.context.SecurityContextPersistenceFilter@2e31114e, org.springframework.security.web.header.HeaderWriterFilter@69a20b13, org.springframework.security.web.authentication.logout.LogoutFilter@51a6dd1c, org.springframework.security.web.savedrequest.RequestCacheAwareFilter@74ddbdeb, org.springframework.security.web.servletapi.SecurityContextHolderAwareRequestFilter@2a0206d0, org.springframework.security.web.authentication.AnonymousAuthenticationFilter@5c5c0231, org.springframework.security.web.session.SessionManagementFilter@3c29c98d, org.springframework.security.web.access.ExceptionTranslationFilter@5be5028, org.springframework.security.web.access.intercept.FilterSecurityInterceptor@4ca1f5e1]
2021-05-17 16:30:36.860  INFO 21652 --- [restartedMain] o.s.b.d.a.OptionalLiveReloadServer       : LiveReload server is running on port 35729
2021-05-17 16:30:36.941  INFO 21652 --- [restartedMain] o.s.j.e.a.AnnotationMBeanExporter        : Registering beans for JMX exposure on startup
2021-05-17 16:30:36.943  INFO 21652 --- [restartedMain] o.s.j.e.a.AnnotationMBeanExporter        : Bean with name 'dataSource' has been autodetected for JMX exposure
2021-05-17 16:30:36.953  INFO 21652 --- [restartedMain] o.s.j.e.a.AnnotationMBeanExporter        : Located MBean 'dataSource': registering with JMX server as MBean [com.alibaba.druid.spring.boot.autoconfigure:name=dataSource,type=DruidDataSourceWrapper]
2021-05-17 16:30:37.020  INFO 21652 --- [restartedMain] o.s.b.w.embedded.tomcat.TomcatWebServer  : Tomcat started on port(s): 8086 (http) with context path ''
2021-05-17 16:30:37.026  INFO 21652 --- [restartedMain] com.hotel.App                            : Started App in 28.896 seconds (JVM running for 33.122)
2021-05-17 16:30:39.883  INFO 21652 --- [http-nio-8086-exec-1] o.a.c.c.C.[Tomcat].[localhost].[/]       : Initializing Spring FrameworkServlet 'dispatcherServlet'
2021-05-17 16:30:39.883  INFO 21652 --- [http-nio-8086-exec-1] o.s.web.servlet.DispatcherServlet        : FrameworkServlet 'dispatcherServlet': initialization started
2021-05-17 16:30:39.921  INFO 21652 --- [http-nio-8086-exec-1] o.s.web.servlet.DispatcherServlet        : FrameworkServlet 'dispatcherServlet': initialization completed in 38 ms
2021-05-17 18:05:26.698  INFO 21652 --- [Thread-61] ConfigServletWebServerApplicationContext : Closing org.springframework.boot.web.servlet.context.AnnotationConfigServletWebServerApplicationContext@457b7635: startup date [Mon May 17 16:30:10 CST 2021]; root of context hierarchy
2021-05-17 18:05:26.716  INFO 21652 --- [Thread-61] o.s.j.e.a.AnnotationMBeanExporter        : Unregistering JMX-exposed beans on shutdown
2021-05-17 18:05:26.717  INFO 21652 --- [Thread-61] o.s.j.e.a.AnnotationMBeanExporter        : Unregistering JMX-exposed beans
2021-05-17 18:05:26.724  INFO 21652 --- [Thread-61] j.LocalContainerEntityManagerFactoryBean : Closing JPA EntityManagerFactory for persistence unit 'default'
2021-05-17 18:05:26.727  INFO 21652 --- [Thread-61] com.alibaba.druid.pool.DruidDataSource   : {dataSource-1} closing ...
2021-05-17 18:05:26.730  INFO 21652 --- [Thread-61] com.alibaba.druid.pool.DruidDataSource   : {dataSource-1} closed
